\BOOKMARK [0][-]{chapter.1}{\376\377\131\202\117\125\145\071\125\204\145\117\143\167\137\000\123\321\215\050\221\317}{}% 1
\BOOKMARK [1][-]{section*.5}{\376\377\147\320\217\157\116\366\137\000\123\321\121\154\123\370\145\117\143\167\137\000\123\321\217\307\172\013\145\071\217\333\150\110\117\213}{chapter.1}% 2
\BOOKMARK [2][-]{section*.11}{\376\377\131\202\117\125\145\071\125\204}{section*.5}% 3
\BOOKMARK [1][-]{section*.12}{\376\377\226\104\116\366}{chapter.1}% 4
\BOOKMARK [2][-]{section*.13}{\376\377\000X\000P}{section*.12}% 5
\BOOKMARK [2][-]{section*.29}{\376\377\116\124\136\003\145\257\214\010\000D\000r\000.\000J\000u\000r\000a\000n}{section*.12}% 6
\BOOKMARK [-1][-]{part.1}{\376\377\000I\000\040\116\052\116\272\143\320\123\107}{}% 7
\BOOKMARK [0][-]{chapter.2}{\376\377\131\202\117\125\122\033\145\260}{part.1}% 8
\BOOKMARK [1][-]{section*.31}{\376\377\122\033\145\260\000\040\000C\000r\000e\000a\000t\000i\000v\000i\000t\000y}{chapter.2}% 9
\BOOKMARK [2][-]{section*.32}{\376\377\122\033\220\040\166\204\174\276\171\136\000\040\000S\000p\000i\000r\000i\000t\000\040\000o\000f\000\040\000C\000r\000e\000a\000t\000i\000n\000g}{section*.31}% 10
\BOOKMARK [2][-]{section*.33}{\376\377\166\356\150\007\140\016\150\067\213\276\377\037\000\040\116\300\116\110\150\067\166\204\166\356\150\007\142\115\173\227\164\006\140\363\000?}{section*.31}% 11
\BOOKMARK [2][-]{section*.34}{\376\377\000F\000R\000I\000T\000Z\000\040\142\212\217\331\145\071\123\330\217\307\172\013\173\200\123\125\122\006\116\072\116\011\153\145}{section*.31}% 12
\BOOKMARK [1][-]{section*.37}{\376\377\000R\000e\000f\000e\000r\000e\000n\000c\000e\000s}{chapter.2}% 13
\BOOKMARK [0][-]{chapter.3}{\376\377\121\113\147\015\142\326\136\366\165\307}{part.1}% 14
\BOOKMARK [1][-]{section*.39}{\376\377\000R\000e\000f\000e\000r\000e\000n\000c\000e\000s}{chapter.3}% 15
\BOOKMARK [-1][-]{part.2}{\376\377\000I\000I\000\040\201\352\142\021\173\241\164\006\137\000\123\321\217\307\172\013}{}% 16
\BOOKMARK [0][-]{chapter.4}{\376\377\116\011\160\271\117\060\173\227}{part.2}% 17
\BOOKMARK [1][-]{section*.40}{\376\377\117\060\173\227\146\057\116\000\116\052\203\003\126\364\377\014\116\015\146\057\116\000\116\052\145\160}{chapter.4}% 18
\BOOKMARK [2][-]{section*.41}{\376\377\116\316\123\125\160\271\122\060\116\011\160\271\117\060\173\227}{section*.40}% 19
\BOOKMARK [2][-]{section*.42}{\376\377\140\073\176\323\000\040\000+\000\040\211\343\213\373\122\006\147\220\176\323\147\234}{section*.40}% 20
\BOOKMARK [2][-]{section*.43}{\376\377\122\051\165\050\204\231\162\171\123\141\155\033\152\041\142\337\0001\0000\116\052\153\145\232\244\377\010\116\011\211\322\137\142\122\006\136\003\377\011\166\204\140\073\122\006\136\003}{section*.40}% 21
\BOOKMARK [2][-]{section*.44}{\376\377\122\006\147\220\0001\0000\153\145\232\244\152\041\142\337\176\323\147\234}{section*.40}% 22
\BOOKMARK [1][-]{section*.45}{\376\377\226\104\116\366}{chapter.4}% 23
\BOOKMARK [2][-]{section*.46}{\376\377\204\231\162\171\123\141\155\033\000\050\000M\000o\000n\000t\000e\000\040\000C\000a\000r\000l\000o\000\051\000\040\152\041\142\337}{section*.45}% 24
\BOOKMARK [0][-]{chapter.5}{\376\377\116\052\116\272\221\317\123\026\173\241\164\006}{part.2}% 25
\BOOKMARK [1][-]{section*.47}{\376\377\131\202\117\125\226\115\117\116\230\171\166\356\217\333\136\246\120\117\135\356}{chapter.5}% 26
\BOOKMARK [2][-]{section*.48}{\376\377\116\316\221\317\123\026\127\371\213\255\137\000\131\313}{section*.47}% 27
\BOOKMARK [2][-]{section*.49}{\376\377\116\222\122\250\127\371\213\255}{section*.47}% 28
\BOOKMARK [2][-]{section*.50}{\376\377\116\316\117\060\173\227\060\001\173\126\122\022\122\060\166\321\143\247}{section*.47}% 29
\BOOKMARK [2][-]{section*.52}{\376\377\140\073\176\323}{section*.47}% 30
\BOOKMARK [2][-]{section*.53}{\376\377\136\224\213\345\131\202\117\125\145\071\125\204}{section*.47}% 31
\BOOKMARK [1][-]{section*.54}{\376\377\226\104\116\366}{chapter.5}% 32
\BOOKMARK [2][-]{section*.55}{\376\377\143\043\120\074\122\006\147\220\154\325\377\010\000E\000a\000r\000n\000e\000d\000\040\000V\000a\000l\000u\000e\377\011}{section*.54}% 33
\BOOKMARK [2][-]{section*.56}{\376\377\000T\000i\000p\000s\377\032\131\202\117\125\173\200\123\125\213\260\137\125\135\345\145\366}{section*.54}% 34
\BOOKMARK [2][-]{section*.57}{\376\377\000P\000S\000P\000\040\000-\000\040\116\052\117\123\217\157\116\366\217\307\172\013\000\040\000P\000e\000r\000s\000o\000n\000a\000l\000\040\000S\000o\000f\000t\000w\000a\000r\000e\000\040\000P\000r\000o\000c\000e\000s\000s\000\040\173\200\116\313}{section*.54}% 35
\BOOKMARK [1][-]{section*.63}{\376\377\000R\000e\000f\000e\000r\000e\000n\000c\000e\000s}{chapter.5}% 36
\BOOKMARK [0][-]{chapter.6}{\376\377\117\060\173\227\217\157\116\366\211\304\152\041}{part.2}% 37
\BOOKMARK [1][-]{section*.64}{\376\377\116\072\116\300\116\110\211\201\117\060\211\304\152\041}{chapter.6}% 38
\BOOKMARK [2][-]{section*.65}{\376\377\116\072\116\300\116\110\116\015\136\224\165\050\116\343\170\001\210\114\145\160\000\050\000L\000O\000C\000\051}{section*.64}% 39
\BOOKMARK [2][-]{section*.68}{\376\377\140\016\150\067\117\060\000S\000i\000F\000P}{section*.64}% 40
\BOOKMARK [2][-]{section*.69}{\376\377\116\316\145\105\116\213\160\271\217\154\173\200\123\026\122\237\200\375\160\271}{section*.64}% 41
\BOOKMARK [1][-]{section*.71}{\376\377\226\104\116\366}{chapter.6}% 42
\BOOKMARK [2][-]{section*.72}{\376\377\173\200\123\026\122\237\200\375\160\271\000\050\000S\000i\000F\000P\000\051\000\040\173\200\116\313}{section*.71}% 43
\BOOKMARK [2][-]{section*.79}{\376\377\220\073\217\221\145\207\116\366\000\040\000L\000o\000g\000i\000c\000a\000l\000\040\000F\000i\000l\000e}{section*.71}% 44
\BOOKMARK [2][-]{section*.81}{\376\377\127\372\147\054\217\307\172\013\000\040\000E\000l\000e\000m\000e\000n\000t\000a\000r\000y\000\040\000P\000r\000o\000c\000e\000s\000s}{section*.71}% 45
\BOOKMARK [2][-]{section*.84}{\376\377\133\236\117\213\377\032\213\306\122\053\127\372\147\054\217\307\172\013\000\040\000\050\000E\000P\000\040\000e\000l\000e\000m\000e\000n\000t\000a\000r\000y\000\040\000p\000r\000o\000c\000e\000s\000s\000\051}{section*.71}% 46
\BOOKMARK [2][-]{section*.88}{\376\377\0001\000.\157\134\154\064\133\146\150\041\000:\137\000\123\321\230\171\166\356\000\040}{section*.71}% 47
\BOOKMARK [2][-]{section*.96}{\376\377\117\213\133\120\116\000\377\032\000\040\173\124\150\110\116\016\211\343\213\373}{section*.71}% 48
\BOOKMARK [2][-]{section*.98}{\376\377\0002\000.\157\134\154\064\133\146\150\041\000:\000F\000E\000M\230\171\166\356}{section*.71}% 49
\BOOKMARK [2][-]{section*.107}{\376\377\117\213\133\120\116\214\377\032\000\040\173\124\150\110\116\016\211\343\213\373}{section*.71}% 50
\BOOKMARK [2][-]{section*.109}{\376\377\116\016\126\375\226\105\122\237\200\375\160\271\000\050\000I\000F\000P\000U\000G\000\051\166\204\120\117\135\356}{section*.71}% 51
\BOOKMARK [1][-]{section*.110}{\376\377\000R\000e\000f\000e\000r\000e\000n\000c\000e\000s}{chapter.6}% 52
\BOOKMARK [0][-]{chapter.7}{\376\377\117\060\173\227\135\345\117\134\221\317}{part.2}% 53
\BOOKMARK [1][-]{section*.111}{\376\377\117\060\173\227\377\032\227\140\152\041\127\213\377\014\217\330\146\057\227\140\116\023\133\266\377\037\000\050\000M\000o\000d\000e\000l\000-\000b\000a\000s\000e\000d\000\040\000V\000s\000\040\000E\000x\000p\000e\000r\000t\000-\000b\000a\000s\000e\000d\000\040\000e\000s\000t\000i\000m\000a\000t\000i\000o\000n\000\051}{chapter.7}% 54
\BOOKMARK [2][-]{section*.112}{\376\377\116\072\116\300\116\110\117\060\173\227\137\000\123\321\135\345\117\134\221\317\000/\135\345\147\037\217\331\116\110\126\360\226\276\377\037}{section*.111}% 55
\BOOKMARK [2][-]{section*.113}{\376\377\117\060\173\227\217\157\116\366\137\000\123\321\166\204\126\360\226\276}{section*.111}% 56
\BOOKMARK [1][-]{section*.115}{\376\377\226\104\116\366}{chapter.7}% 57
\BOOKMARK [2][-]{section*.116}{\376\377\117\060\173\227\170\014\116\120\232\330\171\357\147\050\145\366\225\177\000\040\000-\000\040\0002\0000\0001\0005\136\164\133\146\165\037\133\236\232\214\145\160\143\156}{section*.115}% 58
\BOOKMARK [1][-]{section*.119}{\376\377\000R\000e\000f\000e\000r\000e\000n\000c\000e\000s}{chapter.7}% 59
\BOOKMARK [-1][-]{part.3}{\376\377\000I\000I\000I\000\040\122\051\165\050\213\304\117\060\137\000\131\313\217\307\172\013\145\071\217\333}{}% 60
\BOOKMARK [0][-]{chapter.8}{\376\377\203\267\123\326\232\330\134\102\145\057\143\001}{part.3}% 61
\BOOKMARK [1][-]{section*.120}{\376\377\150\110\117\213}{chapter.8}% 62
\BOOKMARK [2][-]{section*.121}{\376\377\173\054\116\000\162\110\145\271\150\110\116\146}{section*.120}% 63
\BOOKMARK [2][-]{section*.122}{\376\377\173\054\116\214\162\110\116\016\116\055\134\102\170\156\213\244\377\014\000\040\161\066\124\016\124\021\232\330\134\102\154\107\142\245}{section*.120}% 64
\BOOKMARK [0][-]{chapter.9}{\376\377\133\373\142\176\145\071\217\333\147\072\117\032}{part.3}% 65
\BOOKMARK [1][-]{section*.125}{\376\377\213\304\117\060\116\055\213\277\214\010\121\154\123\370\127\371\213\255\116\023\124\130}{chapter.9}% 66
\BOOKMARK [2][-]{section*.126}{\376\377\140\073\176\323\213\277\214\010\166\204\225\356\230\230\123\321\163\260}{section*.125}% 67
\BOOKMARK [2][-]{section*.127}{\376\377\173\241\164\006\134\102\166\204\164\006\211\343\116\016\145\057\143\001}{section*.125}% 68
\BOOKMARK [2][-]{section*.128}{\376\377\140\073\176\323}{section*.125}% 69
\BOOKMARK [1][-]{section*.129}{\376\377\226\104\116\366}{chapter.9}% 70
\BOOKMARK [2][-]{section*.130}{\376\377\000C\000M\000M\000I\213\304\117\060\150\110\117\213}{section*.129}% 71
\BOOKMARK [-1][-]{part.4}{\376\377\000I\000V\000\040\116\316\120\132\131\175\217\355\116\343\126\336\230\176\137\000\131\313\000\040}{}% 72
\BOOKMARK [0][-]{chapter.10}{\376\377\120\132\131\175\121\306\131\007}{part.4}% 73
\BOOKMARK [1][-]{section*.131}{\376\377\177\072\226\167\143\222\226\144\163\207\000\040\000\050\000D\000R\000E\000\051}{chapter.10}% 74
\BOOKMARK [2][-]{section*.132}{\376\377\201\352\122\250\123\026\176\337\213\241\122\006\147\220}{section*.131}% 75
\BOOKMARK [1][-]{section*.134}{\376\377\226\104\116\366}{chapter.10}% 76
\BOOKMARK [2][-]{section*.135}{\376\377\215\050\221\317\142\020\147\054\000\040\000C\000O\000Q\000\040\000\050\000C\000o\000s\000t\000\040\000o\000f\000\040\000Q\000u\000a\000l\000i\000t\000y\000\051}{section*.134}% 77
\BOOKMARK [2][-]{section*.136}{\376\377\000B\000r\000e\000h\000m\000\040\0001\0009\0005\0006\000\040\121\263\173\126\137\161\124\315\133\236\232\214}{section*.134}% 78
\BOOKMARK [2][-]{section*.137}{\376\377\174\256\230\337\122\006\221\115\133\236\232\214}{section*.134}% 79
\BOOKMARK [2][-]{section*.138}{\376\377\137\000\123\321\230\171\166\356\135\345\117\134\221\317\377\010\142\020\147\054\377\011\122\006\136\003}{section*.134}% 80
\BOOKMARK [1][-]{section*.139}{\376\377\000R\000e\000f\000e\000r\000e\000n\000c\000e}{chapter.10}% 81
\BOOKMARK [0][-]{chapter.11}{\376\377\150\071\126\340\122\006\147\220}{part.4}% 82
\BOOKMARK [1][-]{section*.140}{\376\377\000E\000s\000q\000u\000i\000r\000e\000\040\000Q\000C\127\010}{chapter.11}% 83
\BOOKMARK [2][-]{section*.141}{\376\377\165\050\116\214\121\153\123\237\122\031\000\040\377\010\000P\000a\000r\000e\000t\000o\126\376\377\011\000\040\213\306\122\053\116\073\211\201\156\220\131\064}{section*.140}% 84
\BOOKMARK [2][-]{section*.142}{\376\377\136\372\172\313\166\356\150\007}{section*.140}% 85
\BOOKMARK [2][-]{section*.143}{\376\377\150\071\126\340\122\006\147\220\000\040\000R\000o\000o\000t\000\040\000C\000a\000u\000s\000e\000\040\000a\000n\000a\000l\000y\000s\000i\000s\000\040\000\050\000\040\234\174\232\250\126\376\122\006\147\220\000\040\000\051}{section*.140}% 86
\BOOKMARK [2][-]{section*.144}{\376\377\145\071\217\333\143\252\145\275}{section*.140}% 87
\BOOKMARK [2][-]{section*.145}{\376\377\145\071\217\333\145\110\147\234}{section*.140}% 88
\BOOKMARK [2][-]{section*.146}{\376\377\000A\0003\142\245\124\112}{section*.140}% 89
\BOOKMARK [2][-]{section*.147}{\376\377\142\200\147\057\140\073\166\321\176\317\232\214\116\113\214\010}{section*.140}% 90
\BOOKMARK [2][-]{section*.148}{\376\377\140\073\176\323}{section*.140}% 91
\BOOKMARK [1][-]{section*.149}{\376\377\226\104\116\366}{chapter.11}% 92
\BOOKMARK [2][-]{section*.150}{\376\377\0005\000\040\000W\000h\000y\000\040\117\213\133\120}{section*.149}% 93
\BOOKMARK [2][-]{section*.151}{\376\377\000F\000M\000E\000A\000\040\133\236\117\213}{section*.149}% 94
\BOOKMARK [1][-]{section*.152}{\376\377\000R\000e\000f\000e\000r\000e\000n\000c\000e\000s}{chapter.11}% 95
\BOOKMARK [0][-]{chapter.12}{\376\377\131\202\117\125\120\132\131\175\217\355\116\343\126\336\230\176}{part.4}% 96
\BOOKMARK [1][-]{section*.153}{\376\377\121\154\123\370\200\314\146\157}{chapter.12}% 97
\BOOKMARK [2][-]{section*.154}{\376\377\116\345\226\115\117\116\215\050\221\317\142\020\147\054\116\072\166\356\150\007}{section*.153}% 98
\BOOKMARK [2][-]{section*.155}{\376\377\116\316\230\171\166\356\121\262\122\072\166\204\126\336\230\176\131\015\166\330\137\000\131\313}{section*.153}% 99
\BOOKMARK [2][-]{section*.157}{\376\377\126\336\230\176\155\101\172\013}{section*.153}% 100
\BOOKMARK [2][-]{section*.158}{\376\377\140\016\150\067\137\000\131\313}{section*.153}% 101
\BOOKMARK [2][-]{section*.159}{\376\377\136\070\211\301\225\356\230\230}{section*.153}% 102
\BOOKMARK [2][-]{section*.160}{\376\377\133\242\142\067\123\315\231\210}{section*.153}% 103
\BOOKMARK [2][-]{section*.161}{\376\377\140\073\176\323}{section*.153}% 104
\BOOKMARK [1][-]{section*.162}{\376\377\226\104\116\366}{chapter.12}% 105
\BOOKMARK [2][-]{section*.163}{\376\377\156\070\142\017\0001\000:\136\224\116\016\124\046}{section*.162}% 106
\BOOKMARK [2][-]{section*.169}{\376\377\156\070\142\017\0002\000:\145\366\225\364\210\150}{section*.162}% 107
\BOOKMARK [2][-]{section*.175}{\376\377\156\070\142\017\0003\000:\230\234\202\162\160\271}{section*.162}% 108
\BOOKMARK [2][-]{section*.180}{\376\377\000A\000s\000c\000h\000\040\0001\0009\0005\0001\000\040\177\244\117\027\123\213\122\233\133\236\232\214}{section*.162}% 109
\BOOKMARK [2][-]{section*.181}{\376\377\000K\000J\122\006\147\220\145\271\154\325\153\145\232\244}{section*.162}% 110
\BOOKMARK [1][-]{section*.182}{\376\377\000R\000e\000f\000e\000r\000e\000n\000c\000e\000s}{chapter.12}% 111
\BOOKMARK [0][-]{chapter.13}{\376\377\116\316\133\232\140\047\122\060\133\232\221\317}{part.4}% 112
\BOOKMARK [1][-]{section*.183}{\376\377\117\177\165\050\177\072\226\167\143\222\226\144\163\207\377\014\221\115\124\010\204\231\162\171\123\141\155\033\230\204\155\113\152\041\127\213\120\132\133\232\221\317\122\006\147\220}{chapter.13}% 113
\BOOKMARK [2][-]{section*.184}{\376\377\140\016\150\067\137\000\131\313}{section*.183}% 114
\BOOKMARK [2][-]{section*.189}{\376\377\147\320\121\154\123\370\176\317\217\307\127\371\213\255\124\016\173\054\116\000\217\156\126\336\230\176\117\213\133\120}{section*.183}% 115
\BOOKMARK [2][-]{section*.190}{\376\377\140\073\176\323}{section*.183}% 116
\BOOKMARK [1][-]{section*.191}{\376\377\226\104\116\366}{chapter.13}% 117
\BOOKMARK [2][-]{section*.192}{\376\377\204\231\162\171\123\141\155\033\230\204\155\113\152\041\127\213}{section*.191}% 118
\BOOKMARK [-1][-]{part.5}{\376\377\000V\000\040\127\372\170\100\377\032\116\343\170\001\215\050\221\317}{}% 119
\BOOKMARK [0][-]{chapter.14}{\376\377\155\113\213\325\232\161\122\250\137\000\123\321}{part.5}% 120
\BOOKMARK [1][-]{section*.193}{\376\377\116\072\116\300\116\110\142\021\116\354\211\201\155\113\213\325\232\161\122\250\137\000\123\321}{chapter.14}% 121
\BOOKMARK [2][-]{section*.194}{\376\377\153\317\134\017\153\145\232\214\213\301}{section*.193}% 122
\BOOKMARK [2][-]{section*.195}{\376\377\165\050\000T\000D\000D\137\000\123\321\172\013\136\217}{section*.193}% 123
\BOOKMARK [2][-]{section*.197}{\376\377\123\125\121\103\155\113\213\325\116\016\000T\000D\000D\166\204\131\175\131\004}{section*.193}% 124
\BOOKMARK [1][-]{section*.198}{\376\377\000R\000e\000f\000e\000r\000e\000n\000c\000e\000:}{chapter.14}% 125
\BOOKMARK [0][-]{chapter.15}{\376\377\116\343\170\001\221\315\147\204}{part.5}% 126
\BOOKMARK [1][-]{section*.199}{\376\377\131\202\117\125\133\146\131\175\000S\000O\000L\000I\000D\377\014\142\123\131\175\127\372\170\100\120\132\221\315\147\204}{chapter.15}% 127
\BOOKMARK [2][-]{section*.200}{\376\377\131\202\117\125\143\320\123\107\133\146\124\130\166\204\121\164\215\243\116\016\122\250\122\233}{section*.199}% 128
\BOOKMARK [2][-]{section*.201}{\376\377\116\300\116\110\145\366\120\031\120\132\221\315\147\204}{section*.199}% 129
\BOOKMARK [2][-]{section*.202}{\376\377\116\343\170\001\211\304\203\003}{section*.199}% 130
\BOOKMARK [2][-]{section*.203}{\376\377\143\001\176\355\226\306\142\020}{section*.199}% 131
\BOOKMARK [1][-]{section*.204}{\376\377\226\104\116\366}{chapter.15}% 132
\BOOKMARK [2][-]{section*.205}{\376\377\134\017\133\151\122\051\165\050\116\114\237\237\163\251\121\340\117\125\156\070\142\017\000\050\000T\000u\000r\000t\000l\000e\000\040\000G\000e\000o\000m\000e\000t\000r\000y\000\051\117\213\133\120}{section*.204}% 133
\BOOKMARK [2][-]{section*.206}{\376\377\156\051\117\057\150\074\166\204\145\131\133\146\133\236\232\214}{section*.204}% 134
\BOOKMARK [1][-]{section*.207}{\376\377\000R\000e\000f\000e\000r\000e\000n\000c\000e\000s}{chapter.15}% 135
\BOOKMARK [0][-]{chapter.16}{\376\377\143\001\176\355\226\306\142\020}{part.5}% 136
\BOOKMARK [1][-]{section*.208}{\376\377\232\214\145\066\155\113\213\325}{chapter.16}% 137
\BOOKMARK [2][-]{section*.211}{\376\377\155\113\213\325\201\352\122\250\123\026}{section*.208}% 138
\BOOKMARK [2][-]{section*.212}{\376\377\143\001\176\355\226\306\142\020\000\040\000C\000o\000n\000t\000i\000n\000u\000o\000u\000s\000\040\000I\000n\000t\000e\000g\000r\000a\000t\000i\000o\000n}{section*.208}% 139
\BOOKMARK [2][-]{section*.213}{\376\377\126\342\226\037\123\117\117\134}{section*.208}% 140
\BOOKMARK [2][-]{section*.216}{\376\377\143\001\176\355\116\244\116\330\000\040\000C\000o\000n\000t\000i\000n\000u\000o\000u\000s\000\040\000D\000e\000l\000i\000v\000e\000r\000y}{section*.208}% 141
\BOOKMARK [1][-]{section*.217}{\376\377\226\104\116\366}{chapter.16}% 142
\BOOKMARK [2][-]{section*.218}{\376\377\143\001\176\355\226\306\142\020\153\145\232\244}{section*.217}% 143
\BOOKMARK [2][-]{section*.219}{\376\377\142\200\147\057\120\072\122\241\117\213\133\120}{section*.217}% 144
\BOOKMARK [1][-]{section*.220}{\376\377\000R\000e\000f\000e\000r\000e\000n\000c\000e\000s}{chapter.16}% 145
\BOOKMARK [0][-]{chapter.17}{\376\377\176\323\133\371\177\026\172\013\116\016\124\014\210\114\213\304\133\241}{part.5}% 146
\BOOKMARK [1][-]{section*.221}{\376\377\127\371\213\255}{chapter.17}% 147
\BOOKMARK [2][-]{section*.229}{\376\377\140\073\176\323}{section*.221}% 148
\BOOKMARK [1][-]{section*.230}{\376\377\226\104\116\366}{chapter.17}% 149
\BOOKMARK [2][-]{section*.231}{\376\377\116\343\170\001\123\357\213\373\140\047\117\213\133\120}{section*.230}% 150
\BOOKMARK [0][-]{chapter.18}{\376\377\217\157\116\366\227\000\154\102}{part.5}% 151
\BOOKMARK [1][-]{section*.232}{\376\377\226\104\116\366}{chapter.18}% 152
\BOOKMARK [2][-]{section*.233}{\376\377\202\361\126\375\161\144\167\377\165\037\116\247\225\356\230\230\166\204\170\024\172\166}{section*.232}% 153
\BOOKMARK [0][-]{chapter.19}{\376\377\133\242\142\067\123\302\116\016}{part.5}% 154
\BOOKMARK [1][-]{section*.234}{\376\377\136\070\211\301\225\356\230\230}{chapter.19}% 155
\BOOKMARK [2][-]{section*.237}{\376\377\213\306\122\053\122\051\166\312\166\370\121\163\200\005}{section*.234}% 156
\BOOKMARK [2][-]{section*.238}{\376\377\165\050\142\067\145\105\116\213\123\141}{section*.234}% 157
\BOOKMARK [2][-]{section*.239}{\376\377\165\050\117\213\116\016\127\072\146\157}{section*.234}% 158
\BOOKMARK [2][-]{section*.240}{\376\377\116\076\117\213}{section*.234}% 159
\BOOKMARK [1][-]{section*.242}{\376\377\226\104\116\366}{chapter.19}% 160
\BOOKMARK [2][-]{section*.243}{\376\377\122\051\166\312\166\370\121\163\200\005}{section*.242}% 161
\BOOKMARK [2][-]{section*.246}{\376\377\133\242\142\067\130\360\227\363\377\032\000K\000a\000n\000o\000\040\000D\000i\000a\000g\000r\000a\000m}{section*.242}% 162
\BOOKMARK [1][-]{section*.247}{\376\377\000R\000e\000f\000e\000r\000e\000n\000c\000e\000s}{chapter.19}% 163
\BOOKMARK [0][-]{chapter.20}{\376\377\126\342\226\037\123\117\117\134}{part.5}% 164
\BOOKMARK [1][-]{section*.248}{\376\377\124\004\201\352\215\037\215\043\201\352\135\361\137\000\123\321\166\204\152\041\127\127}{chapter.20}% 165
\BOOKMARK [2][-]{section*.249}{\376\377\126\342\226\037\124\010\117\134}{section*.248}% 166
\BOOKMARK [2][-]{section*.250}{\376\377\143\011\145\366\116\012\116\013\163\355}{section*.248}% 167
\BOOKMARK [2][-]{section*.251}{\376\377\116\300\116\110\133\374\201\364\174\373\176\337\135\051\156\203}{section*.248}% 168
\BOOKMARK [2][-]{section*.252}{\376\377\142\200\147\057\126\342\226\037\166\204\143\001\176\355\140\047}{section*.248}% 169
\BOOKMARK [2][-]{section*.253}{\376\377\232\161\122\250\126\342\226\037\145\071\217\333}{section*.248}% 170
\BOOKMARK [2][-]{section*.255}{\376\377\117\335\143\001\126\342\226\037\172\063\133\232}{section*.248}% 171
\BOOKMARK [1][-]{section*.256}{\376\377\226\104\116\366}{chapter.20}% 172
\BOOKMARK [2][-]{section*.257}{\376\377\136\163\210\141\137\303\140\001\000\040\000C\000o\000g\000n\000i\000t\000i\000v\000e\000\040\000D\000i\000s\000s\000o\000n\000a\000n\000c\000e}{section*.256}% 173
\BOOKMARK [1][-]{section*.258}{\376\377\000R\000e\000f\000e\000r\000e\000n\000c\000e\000s}{chapter.20}% 174
\BOOKMARK [-1][-]{part.6}{\376\377\000V\000I\000\040\136\246\221\317\116\016\122\006\147\220}{}% 175
\BOOKMARK [0][-]{chapter.21}{\376\377\120\132\225\356\123\167\214\003\147\345}{part.6}% 176
\BOOKMARK [1][-]{section*.259}{\376\377\150\110\117\213\377\032\116\072\147\320\121\150\126\375\137\353\231\020\217\336\225\001\120\132\225\356\123\167\214\003\147\345}{chapter.21}% 177
\BOOKMARK [2][-]{section*.265}{\376\377\140\073\176\323}{section*.259}% 178
\BOOKMARK [0][-]{chapter.22}{\376\377\145\131\134\017\133\151\133\146\176\337\213\241\122\006\147\220}{part.6}% 179
\BOOKMARK [1][-]{section*.266}{\376\377\116\316\200\003\213\325\142\020\176\351\122\060\215\070\146\023\220\006\135\356}{chapter.22}% 180
\BOOKMARK [2][-]{section*.273}{\376\377\122\006\147\220\117\213\133\120\377\032\217\336\176\355\116\016\122\006\176\304\145\160\143\156}{section*.266}% 181
\BOOKMARK [2][-]{section*.276}{\376\377\140\073\176\323}{section*.266}% 182
\BOOKMARK [1][-]{section*.277}{\376\377\226\104\116\366}{chapter.22}% 183
\BOOKMARK [2][-]{section*.278}{\376\377\131\202\117\125\165\073\203\016\123\366\126\376\000\050\000S\000t\000e\000m\000\040\000a\000n\000d\000\040\000l\000e\000a\000f\000\040\000p\000l\000o\000t\000\051}{section*.277}% 184
\BOOKMARK [2][-]{section*.279}{\376\377\173\261\176\277\126\376\000\040\000\050\000B\000o\000x\000\040\000a\000n\000d\000\040\000W\000h\000i\000s\000k\000e\000r\000\040\000P\000l\000o\000t\000\051}{section*.277}% 185
\BOOKMARK [1][-]{section*.280}{\376\377\000R\000e\000f\000e\000r\000e\000n\000c\000e\000s}{chapter.22}% 186
\BOOKMARK [0][-]{chapter.23}{\376\377\120\107\213\276\150\300\232\214}{part.6}% 187
\BOOKMARK [1][-]{section*.281}{\376\377\120\107\213\276\150\300\232\214\166\204\153\145\232\244}{chapter.23}% 188
\BOOKMARK [2][-]{section*.282}{\376\377\150\300\232\214\123\125\116\052\153\143\140\001\140\073\117\123\166\204\127\107\120\074}{section*.281}% 189
\BOOKMARK [2][-]{section*.283}{\376\377\153\324\217\203\116\044\116\052\153\143\140\001\140\073\117\123\166\204\127\107\120\074}{section*.281}% 190
\BOOKMARK [2][-]{section*.284}{\376\377\150\300\232\214\123\125\116\052\153\143\140\001\140\073\117\123\166\204\127\107\120\074\000,\145\271\135\356\147\052\167\345}{section*.281}% 191
\BOOKMARK [2][-]{section*.285}{\376\377\145\271\135\356\122\006\147\220\000\050\000A\000N\000O\000V\000A\000\040\000t\000e\000s\000t\000\051}{section*.281}% 192
\BOOKMARK [2][-]{section*.289}{\376\377\122\006\176\304\377\010\122\006\174\173\377\011\145\160\143\156}{section*.281}% 193
\BOOKMARK [1][-]{section*.291}{\376\377\226\104\116\366}{chapter.23}% 194
\BOOKMARK [2][-]{section*.292}{\376\377\116\055\137\303\147\201\226\120\133\232\164\006\000\040\000\050\000C\000e\000n\000t\000r\000a\000l\000\040\000L\000i\000m\000i\000t\000\040\000T\000h\000e\000o\000r\000e\000m\000\040\000C\000L\000T\000\051}{section*.291}% 195
\BOOKMARK [2][-]{section*.293}{\376\377\150\300\232\214\123\125\116\052\153\143\140\001\145\164\117\123\127\107\120\074\166\370\121\163\145\271\172\013\137\017}{section*.291}% 196
\BOOKMARK [2][-]{section*.294}{\376\377\153\324\217\203\116\044\116\052\153\143\140\001\140\073\117\123\166\204\127\107\120\074}{section*.291}% 197
\BOOKMARK [2][-]{section*.295}{\376\377\150\300\232\214\123\125\116\052\153\143\140\001\140\073\117\123\166\204\127\107\120\074\000,\145\271\135\356\147\052\167\345}{section*.291}% 198
\BOOKMARK [2][-]{section*.296}{\376\377\000T\000u\000k\000e\000y\000-\000K\000r\000a\000m\000e\000r\000\040\166\370\121\163\145\271\172\013\137\017}{section*.291}% 199
\BOOKMARK [0][-]{chapter.24}{\376\377\230\204\155\113\152\041\127\213}{part.6}% 200
\BOOKMARK [1][-]{section*.298}{\376\377\224\366\210\114\150\110\117\213\140\073\176\323\142\245\124\112}{chapter.24}% 201
\BOOKMARK [2][-]{section*.303}{\376\377\224\366\210\114\150\110\117\213\145\160\143\156\122\006\147\220\153\145\232\244}{section*.298}% 202
\BOOKMARK [2][-]{section*.314}{\376\377\126\336\230\176\116\016\140\073\176\323}{section*.298}% 203
\BOOKMARK [1][-]{section*.315}{\376\377\226\104\116\366}{chapter.24}% 204
\BOOKMARK [2][-]{section*.316}{\376\377\150\110\117\213\220\350\122\006\123\330\221\317\122\027\210\150}{section*.315}% 205
\BOOKMARK [2][-]{section*.320}{\376\377\000X\000\040\116\016\000\040\000Y\000\040\166\370\121\163\140\047\126\376}{section*.315}% 206
\BOOKMARK [2][-]{section*.321}{\376\377\122\051\165\050\000\040\000W\000r\000a\000p\000p\000e\000r\000\040\226\115\117\116\152\041\127\213\166\204\123\330\221\317}{section*.315}% 207
\BOOKMARK [2][-]{section*.324}{\376\377\131\202\117\125\120\132\126\336\137\122\122\006\147\220}{section*.315}% 208
\BOOKMARK [1][-]{section*.326}{\376\377\000R\000e\000f\000e\000r\000e\000n\000c\000e\000s}{chapter.24}% 209
\BOOKMARK [0][-]{chapter.25}{\376\377\143\247\122\066\126\376}{part.6}% 210
\BOOKMARK [1][-]{section*.327}{\376\377\136\372\172\313\127\372\176\277}{chapter.25}% 211
\BOOKMARK [2][-]{section*.328}{\376\377\126\152\227\363\217\330\146\057\117\341\123\367}{section*.327}% 212
\BOOKMARK [2][-]{section*.329}{\376\377\143\247\122\066\126\376\166\204\136\224\165\050}{section*.327}% 213
\BOOKMARK [2][-]{section*.333}{\376\377\140\073\176\323}{section*.327}% 214
\BOOKMARK [1][-]{section*.334}{\376\377\226\104\116\366}{chapter.25}% 215
\BOOKMARK [2][-]{section*.335}{\376\377\131\202\117\125\165\073\000I\000m\000R\143\247\122\066\126\376}{section*.334}% 216
\BOOKMARK [2][-]{section*.336}{\376\377\124\004\171\315\143\247\122\066\126\376}{section*.334}% 217
\BOOKMARK [2][-]{section*.337}{\376\377\217\307\172\013\200\375\122\233\000\050\000P\000r\000o\000c\000e\000s\000s\000\040\000C\000a\000p\000a\000b\000i\000l\000i\000t\000y\000\051}{section*.334}% 218
\BOOKMARK [2][-]{section*.338}{\376\377\176\306\122\006\117\213\133\120}{section*.334}% 219
\BOOKMARK [1][-]{section*.339}{\376\377\000R\000e\000f\000e\000r\000e\000n\000c\000e\000s}{chapter.25}% 220
\BOOKMARK [-1][-]{part.7}{\376\377\000V\000I\000I\000\040\140\073\176\323}{}% 221
\BOOKMARK [0][-]{chapter.26}{\376\377\230\206\133\374\166\204\135\345\117\134}{part.7}% 222
\BOOKMARK [1][-]{section*.340}{\376\377\142\021\116\354\137\210\154\350\221\315\215\050\221\317\116\016\133\242\142\067\156\341\141\017\136\246}{chapter.26}% 223
\BOOKMARK [2][-]{section*.341}{\376\377\142\311\124\011\131\053\176\310\165\037\123\327\165\050\166\204\116\000\116\366\116\213}{section*.340}% 224
\BOOKMARK [2][-]{section*.343}{\376\377\126\342\226\037\150\071\126\340\122\006\147\220}{section*.340}% 225
\BOOKMARK [2][-]{section*.345}{\376\377\116\316\133\232\140\047\143\320\123\107\122\060\133\232\221\317\173\241\164\006}{section*.340}% 226
\BOOKMARK [0][-]{chapter.27}{\376\377\116\034\123\027\206\116}{part.7}% 227
\BOOKMARK [1][-]{section*.346}{\376\377\176\323\213\355\000\050\000E\000p\000i\000l\000o\000g\000u\000e\000\051}{chapter.27}% 228
