\BOOKMARK [0][-]{chapter.1}{\376\377\131\202\117\125\145\071\125\204\145\117\143\167\137\000\123\321\215\050\221\317}{}% 1
\BOOKMARK [1][-]{section*.5}{\376\377\147\320\217\157\116\366\137\000\123\321\121\154\123\370\145\117\143\167\137\000\123\321\217\307\172\013\145\071\217\333\150\110\117\213}{chapter.1}% 2
\BOOKMARK [2][-]{section*.11}{\376\377\131\202\117\125\145\071\125\204}{section*.5}% 3
\BOOKMARK [1][-]{section*.12}{\376\377\226\104\116\366}{chapter.1}% 4
\BOOKMARK [2][-]{section*.13}{\376\377\000X\000P}{section*.12}% 5
\BOOKMARK [2][-]{section*.29}{\376\377\116\124\136\003\145\257\214\010\000D\000r\000.\000J\000u\000r\000a\000n}{section*.12}% 6
\BOOKMARK [-1][-]{part.1}{\376\377\000I\000\040\116\052\116\272\143\320\123\107}{}% 7
\BOOKMARK [0][-]{chapter.2}{\376\377\121\113\147\015\142\326\136\366\165\307}{part.1}% 8
\BOOKMARK [1][-]{section*.30}{\376\377\176\323\147\137\213\355}{chapter.2}% 9
\BOOKMARK [1][-]{section*.31}{\376\377\226\104\116\366}{chapter.2}% 10
\BOOKMARK [2][-]{section*.32}{\376\377\0005\000S\154\325}{section*.31}% 11
\BOOKMARK [2][-]{section*.33}{\376\377\225\073\160\274\116\113\220\123\000\040\000T\000h\000e\000\040\000T\000r\000u\000t\000h\000\040\000a\000b\000o\000u\000t\000\040\000E\000X\000E\000R\000C\000I\000S\000E}{section*.31}% 12
\BOOKMARK [1][-]{section*.34}{\376\377\123\302\200\003\000\040\000R\000e\000f\000e\000r\000e\000n\000c\000e\000s}{chapter.2}% 13
\BOOKMARK [-1][-]{part.2}{\376\377\000I\000I\000\040\201\352\142\021\173\241\164\006\137\000\123\321\217\307\172\013}{}% 14
\BOOKMARK [-1][-]{part.3}{\376\377\000I\000I\000I\000\040\122\051\165\050\213\304\117\060\137\000\131\313\217\307\172\013\145\071\217\333}{}% 15
\BOOKMARK [-1][-]{part.4}{\376\377\000I\000V\000\040\116\316\120\132\131\175\217\355\116\343\126\336\230\176\137\000\131\313\000\040}{}% 16
\BOOKMARK [0][-]{chapter.3}{\376\377\150\071\126\340\122\006\147\220}{part.4}% 17
\BOOKMARK [1][-]{section*.35}{\376\377\122\006\147\220\116\213\145\105\150\071\126\340\377\032\116\012\226\306}{chapter.3}% 18
\BOOKMARK [2][-]{section*.36}{\376\377\231\231\156\057\123\127\116\053\155\167\226\276}{section*.35}% 19
\BOOKMARK [2][-]{section*.37}{\376\377\150\071\126\340\122\006\147\220\166\204\116\073\211\201\121\103\175\040}{section*.35}% 20
\BOOKMARK [2][-]{section*.40}{\376\377\142\200\147\057\140\073\166\321\176\317\232\214\116\113\214\010}{section*.35}% 21
\BOOKMARK [2][-]{section*.41}{\376\377\176\323\147\137\213\355}{section*.35}% 22
\BOOKMARK [1][-]{section*.42}{\376\377\226\104\116\366}{chapter.3}% 23
\BOOKMARK [2][-]{section*.43}{\376\377\116\214\121\153\123\237\122\031\116\016\145\160\143\156\122\006\174\173}{section*.42}% 24
\BOOKMARK [2][-]{section*.44}{\376\377\131\047\221\316\200\020\116\000\121\110\165\037\000`\000`\000\040\0005\000\040\000W\000h\000y\000\040\000'\000'\133\236\117\213}{section*.42}% 25
\BOOKMARK [0][-]{chapter.4}{\376\377\131\202\117\125\226\115\117\116\217\157\116\366\137\000\123\321\215\050\221\317\142\020\147\054}{part.4}% 26
\BOOKMARK [1][-]{section*.45}{\376\377\145\160\143\156\145\066\226\306}{chapter.4}% 27
\BOOKMARK [2][-]{section*.46}{\376\377\201\352\122\250\123\026\176\337\213\241\122\006\147\220}{section*.45}% 28
\BOOKMARK [2][-]{section*.47}{\376\377\145\160\143\156\145\066\226\306\230\221\163\207}{section*.45}% 29
\BOOKMARK [2][-]{section*.48}{\376\377\124\352\221\314\147\000\200\027\135\345\117\134\221\317}{section*.45}% 30
\BOOKMARK [2][-]{section*.49}{\376\377\122\006\147\220\177\072\226\167\143\222\226\144\163\207\226\115\117\116\215\050\221\317\142\020\147\054}{section*.45}% 31
\BOOKMARK [2][-]{section*.50}{\376\377\176\323\147\137\213\355}{section*.45}% 32
\BOOKMARK [1][-]{section*.51}{\376\377\226\104\116\366}{chapter.4}% 33
\BOOKMARK [2][-]{section*.52}{\376\377\215\050\221\317\142\020\147\054\000\040\000C\000O\000Q\000\040\000\050\000C\000o\000s\000t\000\040\000o\000f\000\040\000Q\000u\000a\000l\000i\000t\000y\000\051}{section*.51}% 34
\BOOKMARK [2][-]{section*.53}{\376\377\121\154\123\370\232\330\134\102\116\015\116\000\133\232\121\163\154\350\215\050\221\317}{section*.51}% 35
\BOOKMARK [2][-]{section*.54}{\376\377\137\000\123\321\230\171\166\356\135\345\117\134\221\317\377\010\142\020\147\054\377\011\122\006\136\003}{section*.51}% 36
\BOOKMARK [0][-]{chapter.5}{\376\377\131\202\117\125\120\132\131\175\121\306\131\007}{part.4}% 37
\BOOKMARK [1][-]{section*.55}{\376\377\122\006\147\220\116\213\145\105\150\071\126\340\377\032\116\013\226\306}{chapter.5}% 38
\BOOKMARK [2][-]{section*.56}{\376\377\126\336\230\176\155\101\172\013}{section*.55}% 39
\BOOKMARK [2][-]{section*.57}{\376\377\120\132\131\175\126\336\230\176\0004\123\237\122\031}{section*.55}% 40
\BOOKMARK [2][-]{section*.58}{\376\377\126\342\226\037\217\355\116\343\126\336\230\176\150\071\126\340\122\006\147\220\136\070\211\301\225\356\230\230}{section*.55}% 41
\BOOKMARK [2][-]{section*.59}{\376\377\127\371\213\255\377\032\173\126\122\022\116\016\121\306\131\007}{section*.55}% 42
\BOOKMARK [2][-]{section*.64}{\376\377\117\177\165\050\116\214\121\153\123\237\122\031\116\016\000K\000J\122\006\147\220\150\071\126\340\133\236\117\213}{section*.55}% 43
\BOOKMARK [2][-]{section*.68}{\376\377\176\317\232\214\145\131\213\255}{section*.55}% 44
\BOOKMARK [2][-]{section*.69}{\376\377\176\323\147\137\213\355}{section*.55}% 45
\BOOKMARK [1][-]{section*.70}{\376\377\226\104\116\366}{chapter.5}% 46
\BOOKMARK [2][-]{section*.71}{\376\377\156\070\142\017\000:\136\224\116\016\124\046}{section*.70}% 47
\BOOKMARK [2][-]{section*.77}{\376\377\131\202\117\125\127\050\217\355\116\343\126\336\230\176\145\366\122\006\147\220\177\072\226\167\145\160\143\156\137\227\121\372\230\204\155\113\152\041\127\213\123\302\145\160}{section*.70}% 48
\BOOKMARK [2][-]{section*.78}{\376\377\000A\000s\000c\000h\000\040\0001\0009\0005\0001\000\040\177\244\117\027\123\213\122\233\133\236\232\214}{section*.70}% 49
\BOOKMARK [2][-]{section*.79}{\376\377\000B\000r\000e\000h\000m\000\040\0001\0009\0005\0006\000\040\121\263\173\126\137\161\124\315\133\236\232\214}{section*.70}% 50
\BOOKMARK [2][-]{section*.80}{\376\377\174\256\230\337\122\006\221\115\133\236\232\214}{section*.70}% 51
\BOOKMARK [2][-]{section*.81}{\376\377\000K\000J\122\006\147\220\145\271\154\325\153\145\232\244}{section*.70}% 52
\BOOKMARK [2][-]{section*.82}{\376\377\154\064\146\166\164\003\204\231\162\171\123\141\155\033\230\204\155\113\152\041\127\213}{section*.70}% 53
\BOOKMARK [0][-]{chapter.6}{\376\377\133\236\145\275\116\016\176\364\142\244}{part.4}% 54
\BOOKMARK [1][-]{section*.83}{\376\377\121\306\131\007\217\355\116\343\126\336\230\176\000\040\000Q\000\046\000A}{chapter.6}% 55
\BOOKMARK [2][-]{section*.87}{\376\377\136\372\172\313\126\342\226\037\150\007\147\106\377\010\127\372\176\277\377\011}{section*.83}% 56
\BOOKMARK [2][-]{section*.88}{\376\377\116\316\217\355\116\343\131\015\166\330\122\060\143\001\176\355\145\071\217\333}{section*.83}% 57
\BOOKMARK [2][-]{section*.89}{\376\377\176\323\147\137\213\355}{section*.83}% 58
\BOOKMARK [1][-]{section*.90}{\376\377\116\052\116\272\176\317\232\214\145\131\213\255}{chapter.6}% 59
\BOOKMARK [1][-]{section*.91}{\376\377\226\104\116\366}{chapter.6}% 60
\BOOKMARK [2][-]{section*.92}{\376\377\000F\000M\000E\000A\000\040\133\236\117\213}{section*.91}% 61
\BOOKMARK [2][-]{section*.93}{\376\377\122\237\200\375\140\047\122\006\176\304\136\056\122\251\126\342\226\037\142\020\225\177\133\236\117\213}{section*.91}% 62
\BOOKMARK [1][-]{section*.94}{\376\377\123\302\200\003\000\040\000R\000e\000f\000e\000r\000e\000n\000c\000e}{chapter.6}% 63
\BOOKMARK [-1][-]{part.5}{\376\377\000V\000\040\127\372\170\100\377\032\116\343\170\001\215\050\221\317}{}% 64
\BOOKMARK [-1][-]{part.6}{\376\377\000V\000I\000\040\136\246\221\317\116\016\122\006\147\220}{}% 65
\BOOKMARK [-1][-]{part.7}{\376\377\000V\000I\000I\000\040\140\073\176\323}{}% 66
