\BOOKMARK [0][-]{chapter.1}{\376\377\121\113\147\015\142\326\136\366\165\307}{}% 1
\BOOKMARK [1][-]{section*.12}{\376\377\176\323\147\137\213\355}{chapter.1}% 2
\BOOKMARK [1][-]{section*.13}{\376\377\226\104\116\366}{chapter.1}% 3
\BOOKMARK [2][-]{section*.14}{\376\377\0005\000S\154\325}{section*.13}% 4
\BOOKMARK [2][-]{section*.15}{\376\377\225\073\160\274\116\113\220\123\000\040\000T\000h\000e\000\040\000T\000r\000u\000t\000h\000\040\000a\000b\000o\000u\000t\000\040\000E\000X\000E\000R\000C\000I\000S\000E}{section*.13}% 5
\BOOKMARK [1][-]{section*.16}{\376\377\123\302\200\003\000\040\000R\000e\000f\000e\000r\000e\000n\000c\000e\000s}{chapter.1}% 6
\BOOKMARK [-1][-]{part.1}{\376\377\000I\000\040\131\202\117\125\120\132\131\175\217\355\116\343\126\336\230\176}{}% 7
\BOOKMARK [0][-]{chapter.2}{\376\377\150\071\126\340\122\006\147\220}{part.1}% 8
\BOOKMARK [1][-]{section*.17}{\376\377\122\006\147\220\116\213\145\105\150\071\126\340\377\032\116\012\226\306}{chapter.2}% 9
\BOOKMARK [2][-]{section*.18}{\376\377\231\231\156\057\123\127\116\053\155\167\226\276}{section*.17}% 10
\BOOKMARK [2][-]{section*.19}{\376\377\150\071\126\340\122\006\147\220\166\204\116\073\211\201\121\103\175\040}{section*.17}% 11
\BOOKMARK [2][-]{section*.22}{\376\377\142\200\147\057\140\073\166\321\176\317\232\214\116\113\214\010}{section*.17}% 12
\BOOKMARK [2][-]{section*.23}{\376\377\176\323\147\137\213\355}{section*.17}% 13
\BOOKMARK [1][-]{section*.24}{\376\377\226\104\116\366}{chapter.2}% 14
\BOOKMARK [2][-]{section*.25}{\376\377\116\214\121\153\123\237\122\031\116\016\145\160\143\156\122\006\174\173}{section*.24}% 15
\BOOKMARK [2][-]{section*.26}{\376\377\131\047\221\316\200\020\116\000\121\110\165\037\000`\000`\000\040\0005\000\040\000W\000h\000y\000\040\000'\000'\133\236\117\213}{section*.24}% 16
\BOOKMARK [0][-]{chapter.3}{\376\377\131\202\117\125\226\115\117\116\217\157\116\366\137\000\123\321\215\050\221\317\142\020\147\054}{part.1}% 17
\BOOKMARK [1][-]{section*.27}{\376\377\145\160\143\156\145\066\226\306}{chapter.3}% 18
\BOOKMARK [2][-]{section*.28}{\376\377\201\352\122\250\123\026\176\337\213\241\122\006\147\220}{section*.27}% 19
\BOOKMARK [2][-]{section*.29}{\376\377\145\160\143\156\145\066\226\306\230\221\163\207}{section*.27}% 20
\BOOKMARK [2][-]{section*.30}{\376\377\124\352\221\314\147\000\200\027\135\345\117\134\221\317}{section*.27}% 21
\BOOKMARK [2][-]{section*.31}{\376\377\122\006\147\220\177\072\226\167\143\222\226\144\163\207\226\115\117\116\215\050\221\317\142\020\147\054}{section*.27}% 22
\BOOKMARK [2][-]{section*.32}{\376\377\176\323\147\137\213\355}{section*.27}% 23
\BOOKMARK [1][-]{section*.33}{\376\377\226\104\116\366}{chapter.3}% 24
\BOOKMARK [2][-]{section*.34}{\376\377\215\050\221\317\142\020\147\054\000\040\000C\000O\000Q\000\040\000\050\000C\000o\000s\000t\000\040\000o\000f\000\040\000Q\000u\000a\000l\000i\000t\000y\000\051}{section*.33}% 25
\BOOKMARK [2][-]{section*.35}{\376\377\121\154\123\370\232\330\134\102\116\015\116\000\133\232\121\163\154\350\215\050\221\317}{section*.33}% 26
\BOOKMARK [2][-]{section*.36}{\376\377\137\000\123\321\230\171\166\356\135\345\117\134\221\317\377\010\142\020\147\054\377\011\122\006\136\003}{section*.33}% 27
\BOOKMARK [0][-]{chapter.4}{\376\377\131\202\117\125\120\132\131\175\121\306\131\007}{part.1}% 28
\BOOKMARK [1][-]{section*.37}{\376\377\122\006\147\220\116\213\145\105\150\071\126\340\377\032\116\013\226\306}{chapter.4}% 29
\BOOKMARK [2][-]{section*.38}{\376\377\126\336\230\176\155\101\172\013}{section*.37}% 30
\BOOKMARK [2][-]{section*.39}{\376\377\120\132\131\175\126\336\230\176\0004\123\237\122\031}{section*.37}% 31
\BOOKMARK [2][-]{section*.40}{\376\377\126\342\226\037\217\355\116\343\126\336\230\176\150\071\126\340\122\006\147\220\136\070\211\301\225\356\230\230}{section*.37}% 32
\BOOKMARK [2][-]{section*.41}{\376\377\127\371\213\255\377\032\173\126\122\022\116\016\121\306\131\007}{section*.37}% 33
\BOOKMARK [2][-]{section*.46}{\376\377\117\177\165\050\116\214\121\153\123\237\122\031\116\016\000K\000J\122\006\147\220\150\071\126\340\133\236\117\213}{section*.37}% 34
\BOOKMA