\BOOKMARK [-1][-]{part.1}{\376\377\000I\000\040\150\110\117\213\122\006\147\220}{}% 1
\BOOKMARK [0][-]{chapter.1}{\376\377\131\202\117\125\145\071\125\204\145\117\143\167\137\000\123\321\215\050\221\317}{part.1}% 2
\BOOKMARK [1][-]{section*.3}{\376\377\147\320\217\157\116\366\137\000\123\321\121\154\123\370\145\117\143\167\137\000\123\321\217\307\172\013\145\071\217\333\150\110\117\213}{chapter.1}% 3
\BOOKMARK [2][-]{section*.9}{\376\377\131\202\117\125\145\071\125\204}{section*.3}% 4
\BOOKMARK [1][-]{section*.10}{\376\377\226\104\116\366}{chapter.1}% 5
\BOOKMARK [2][-]{section*.11}{\376\377\000X\000P}{section*.10}% 6
\BOOKMARK [2][-]{section*.27}{\376\377\116\124\136\003\145\257\214\010\000D\000r\000.\000J\000u\000r\000a\000n}{section*.10}% 7
\BOOKMARK [-1][-]{part.2}{\376\377\000I\000I\000\040\116\052\116\272\143\320\123\107}{}% 8
\BOOKMARK [0][-]{chapter.2}{\376\377\131\202\117\125\213\251\116\052\116\272\116\016\126\342\226\037\143\320\123\107}{part.2}% 9
\BOOKMARK [0][-]{chapter.3}{\376\377\121\113\147\015\142\326\136\366\165\307}{part.2}% 10
\BOOKMARK [1][-]{section*.38}{\376\377\176\323\147\137\213\355}{chapter.3}% 11
\BOOKMARK [1][-]{section*.39}{\376\377\226\104\116\366}{chapter.3}% 12
\BOOKMARK [2][-]{section*.40}{\376\377\0005\000S\154\325}{section*.39}% 13
\BOOKMARK [2][-]{section*.41}{\376\377\225\073\160\274\116\113\220\123\000\040\000T\000h\000e\000\040\000T\000r\000u\000t\000h\000\040\000a\000b\000o\000u\000t\000\040\000E\000X\000E\000R\000C\000I\000S\000E}{section*.39}% 14
\BOOKMARK [1][-]{section*.42}{\376\377\123\302\200\003\000\040\000R\000e\000f\000e\000r\000e\000n\000c\000e\000s}{chapter.3}% 15
\BOOKMARK [-1][-]{part.3}{\376\377\000I\000I\000I\000\040\201\352\142\021\173\241\164\006\137\000\123\321\217\307\172\013}{}% 16
\BOOKMARK [0][-]{chapter.4}{\376\377\116\011\160\271\117\060\173\227}{part.3}% 17
\BOOKMARK [0][-]{chapter.5}{\376\377\221\317\123\026\173\241\164\006\116\316\116\052\116\272\137\000\131\313}{part.3}% 18
\BOOKMARK [0][-]{chapter.6}{\376\377\117\060\173\227\217\157\116\366\211\304\152\041}{part.3}% 19
\BOOKMARK [0][-]{chapter.7}{\376\377\117\060\173\227\135\345\117\134\221\317}{part.3}% 20
\BOOKMARK [-1][-]{part.4}{\376\377\000I\000V\000\040\137\000\131\313\217\307\172\013\145\071\217\333\116\113\145\305}{}% 21
\BOOKMARK [0][-]{chapter.8}{\376\377\203\267\123\326\232\330\134\102\145\057\143\001}{part.4}% 22
\BOOKMARK [0][-]{chapter.9}{\376\377\133\373\142\176\145\071\217\333\147\072\117\032}{part.4}% 23
\BOOKMARK [-1][-]{part.5}{\376\377\000V\000\040\131\202\117\125\120\132\131\175\217\355\116\343\126\336\230\176}{}% 24
\BOOKMARK [0][-]{chapter.10}{\376\377\150\071\126\340\122\006\147\220}{part.5}% 25
\BOOKMARK [1][-]{section*.43}{\376\377\122\006\147\220\116\213\145\105\150\071\126\340\377\032\116\012\226\306}{chapter.10}% 26
\BOOKMARK [2][-]{section*.44}{\376\377\231\231\156\057\123\127\116\053\155\167\226\276}{section*.43}% 27
\BOOKMARK [2][-]{section*.45}{\376\377\150\071\126\340\122\006\147\220\166\204\116\073\211\201\121\103\175\040}{section*.43}% 28
\BOOKMARK [2][-]{section*.48}{\376\377\142\200\147\057\140\073\166\321\176\317\232\214\116\113\214\010}{section*.43}% 29
\BOOKMARK [2][-]{section*.49}{\376\377\176\323\147\137\213\355}{section*.43}% 30
\BOOKMARK [1][-]{section*.50}{\376\377\226\104\116\366}{chapter.10}% 31
\BOOKMARK [2][-]{section*.51}{\376\377\116\214\121\153\123\237\122\031\116\016\145\160\143\156\122\006\174\173}{section*.50}% 32
\BOOKMARK [2][-]{section*.52}{\376\377\131\047\221\316\200\020\116\000\121\110\165\037\000`\000`\000\040\0005\000\040\000W\000h\000y\000\040\000'\000'\133\236\117\213}{section*.50}% 33
\BOOKMARK [0][-]{chapter.11}{\376\377\131\202\117\125\226\115\117\116\217\157\116\366\137\000\123\321\215\050\221\317\142\020\147\054}{part.5}% 34
\BOOKMARK [1][-]{section*.53}{\376\377\145\160\143\156\145\066\226\306}{chapter.11}% 35
\BOOKMARK [2][-]{section*.54}{\376\377\201\352\122\250\123\026\176\337\213\241\122\006\147\220}{section*.53}% 36
\BOOKMARK [2][-]{section*.55}{\376\377\145\160\143\156\145\066\226\306\230\221\163\207}{section*.53}% 37
\BOOKMARK [2][-]{section*.56}{\376\377\124\352\221\314\147\000\200\027\135\345\117\134\221\317}{section*.53}% 38
\BOOKMARK [2][-]{section*.57}{\376\377\122\006\147\220\177\072\226\167\143\222\226\144\163\207\226\115\117\116\215\050\221\317\142\020\147\054}{section*.53}% 39
\BOOKMARK [2][-]{section*.58}{\376\377\176\323\147\137\213\355}{section*.53}% 40
\BOOKMARK [1][-]{section*.59}{\376\377\226\104\116\366}{chapter.11}% 41
\BOOKMARK [2][-]{section*.60}{\376\377\215\050\221\317\142\020\147\054\000\040\000C\000O\000Q\000\040\000\050\000C\000o\000s\000t\000\040\000o\000f\000\040\000Q\000u\000a\000l\000i\000t\000y\000\051}{section*.59}% 42
\BOOKMARK [2][-]{section*.61}{\376\377\121\154\123\370\232\330\134\102\116\015\116\000\133\232\121\163\154\350\215\050\221\317}{section*.59}% 43
\BOOKMARK [2][-]{section*.62}{\376\377\137\000\123\321\230\171\166\356\135\345\117\134\221\317\377\010\142\020\147\054\377\011\122\006\136\003}{section*.59}% 44
\BOOKMARK [0][-]{chapter.12}{\376\377\131\202\117\125\120\132\131\175\121\306\131\007}{part.5}% 45
\BOOKMARK [1][-]{section*.63}{\376\377\122\006\147\220\116\213\145\105\150\071\126\340\377\032\116\013\226\306}{chapter.12}% 46
\BOOKMARK [2][-]{section*.64}{\376\377\126\336\230\176\155\101\172\013}{section*.63}% 47
\BOOKMARK [2][-]{section*.65}{\376\377\120\132\131\175\126\336\230\176\0004\123\237\122\031}{section*.63}% 48
\BOOKMARK [2][-]{section*.66}{\376\377\126\342\226\037\217\355\116\343\126\336\230\176\150\071\126\340\122\006\147\220\136\070\211\301\225\356\230\230}{section*.63}% 49
\BOOKMARK [2][-]{section*.67}{\376\377\127\371\213\255\377\032\173\126\122\022\116\016\121\306\131\007}{section*.63}% 50
\BOOKMARK [2][-]{section*.72}{\376\377\117\177\165\050\116\214\121\153\123\237\122\031\116\016\000K\000J\122\006\147\220\150\071\126\340\133\236\117\213}{section*.63}% 51
\BOOKMARK [2][-]{section*.76}{\376\377\176\317\232\214\145\131\213\255}{section*.63}% 52
\BOOKMARK [2][-]{section*.77}{\376\377\176\323\147\137\213\355}{section*.63}% 53
\BOOKMARK [1][-]{section*.78}{\376\377\226\104\116\366}{chapter.12}% 54
\BOOKMARK [2][-]{section*.79}{\376\377\156\070\142\017\000:\136\224\116\016\124\046}{section*.78}% 55
\BOOKMARK [2][-]{section*.85}{\376\377\131\202\117\125\127\050\217\355\116\343\126\336\230\176\145\366\122\006\147\220\177\072\226\167\145\160\143\156\137\227\121\372\230\204\155\113\152\041\127\213\123\302\145\160}{section*.78}% 56
\BOOKMARK [2][-]{section*.86}{\376\377\000A\000s\000c\000h\000\040\0001\0009\0005\0001\000\040\177\244\117\027\123\213\122\233\133\236\232\214}{section*.78}% 57
\BOOKMARK [2][-]{section*.87}{\376\377\000B\000r\000e\000h\000m\000\040\0001\0009\0005\0006\000\040\121\263\173\126\137\161\124\315\133\236\232\214}{section*.78}% 58
\BOOKMARK [2][-]{section*.88}{\376\377\174\256\230\337\122\006\221\115\133\236\232\214}{section*.78}% 59
\BOOKMARK [2][-]{section*.89}{\376\377\000K\000J\122\006\147\220\145\271\154\325\153\145\232\244}{section*.78}% 60
\BOOKMARK [2][-]{section*.90}{\376\377\154\064\146\166\164\003\204\231\162\171\123\141\155\033\230\204\155\113\152\041\127\213}{section*.78}% 61
\BOOKMARK [0][-]{chapter.13}{\376\377\133\236\145\275\116\016\176\364\142\244}{part.5}% 62
\BOOKMARK [1][-]{section*.91}{\376\377\121\306\131\007\217\355\116\343\126\336\230\176\000\040\000Q\000\046\000A}{chapter.13}% 63
\BOOKMARK [2][-]{section*.95}{\376\377\136\372\172\313\126\342\226\037\150\007\147\106\377\010\127\372\176\277\377\011}{section*.91}% 64
\BOOKMARK [2][-]{section*.96}{\376\377\116\316\217\355\116\343\131\015\166\330\122\060\143\001\176\355\145\071\217\333}{section*.91}% 65
\BOOKMARK [2][-]{section*.97}{\376\377\117\303\217\333\121\154\123\370\217\307\172\013\145\071\217\333}{section*.91}% 66
\BOOKMARK [2][-]{section*.98}{\376\377\176\323\147\137\213\355}{section*.91}% 67
\BOOKMARK [2][-]{section*.99}{\376\377\116\015\116\305\116\305\220\002\165\050\116\216\122\006\147\220\217\355\116\343\177\072\226\167\145\160\143\156}{section*.91}% 68
\BOOKMARK [1][-]{section*.101}{\376\377\226\104\116\366}{chapter.13}% 69
\BOOKMARK [2][-]{section*.102}{\376\377\000F\000M\000E\000A\000\040\133\236\117\213}{section*.101}% 70
\BOOKMARK [2][-]{section*.103}{\376\377\122\237\200\375\140\047\122\006\176\304\136\056\122\251\126\342\226\037\142\020\225\177\133\236\117\213}{section*.101}% 71
\BOOKMARK [2][-]{section*.104}{\376\377\000G\000Q\000M}{section*.101}% 72
\BOOKMARK [1][-]{section*.105}{\376\377\123\302\200\003\000\040\000R\000e\000f\000e\000r\000e\000n\000c\000e}{chapter.13}% 73
\BOOKMARK [-1][-]{part.6}{\376\377\000V\000I\000\040\116\343\170\001\215\050\221\317\145\071\217\333\166\204\127\372\170\100}{}% 74
\BOOKMARK [0][-]{chapter.14}{\376\377\155\113\213\325\232\161\122\250\137\000\123\321}{part.6}% 75
\BOOKMARK [1][-]{section*.106}{\376\377\155\113\213\325\232\161\122\250\137\000\123\321}{chapter.14}% 76
\BOOKMARK [2][-]{section*.107}{\376\377\116\072\116\300\116\110\142\021\116\354\211\201\155\113\213\325\232\161\122\250\137\000\123\321}{section*.106}% 77
\BOOKMARK [2][-]{section*.108}{\376\377\153\317\134\017\153\145\232\214\213\301}{section*.106}% 78
\BOOKMARK [2][-]{section*.109}{\376\377\165\050\000T\000D\000D\137\000\123\321\172\013\136\217}{section*.106}% 79
\BOOKMARK [2][-]{section*.111}{\376\377\123\125\121\103\155\113\213\325\116\016\000T\000D\000D\166\204\131\175\131\004}{section*.106}% 80
\BOOKMARK [2][-]{section*.112}{\376\377\176\323\147\137\213\355}{section*.106}% 81
\BOOKMARK [1][-]{section*.113}{\376\377\226\104\116\366}{chapter.14}% 82
\BOOKMARK [2][-]{section*.114}{\376\377\116\316\000\040\000M\000I\000T\000\040\000O\000C\000W\000\040\133\146\121\231\172\013\136\217}{section*.113}% 83
\BOOKMARK [0][-]{chapter.15}{\376\377\116\343\170\001\221\315\147\204}{part.6}% 84
\BOOKMARK [1][-]{section*.119}{\376\377\131\202\117\125\133\146\131\175\000S\000O\000L\000I\000D\377\014\142\123\131\175\127\372\170\100\120\132\221\315\147\204}{chapter.15}% 85
\BOOKMARK [2][-]{section*.120}{\376\377\131\202\117\125\143\320\123\107\133\146\124\130\166\204\121\164\215\243\116\016\122\250\122\233}{section*.119}% 86
\BOOKMARK [2][-]{section*.121}{\376\377\116\300\116\110\145\366\120\031\120\132\221\315\147\204}{section*.119}% 87
\BOOKMARK [2][-]{section*.122}{\376\377\116\343\170\001\211\304\203\003}{section*.119}% 88
\BOOKMARK [2][-]{section*.123}{\376\377\143\001\176\355\226\306\142\020}{section*.119}% 89
\BOOKMARK [1][-]{section*.124}{\376\377\226\104\116\366}{chapter.15}% 90
\BOOKMARK [2][-]{section*.125}{\376\377\134\017\133\151\122\051\165\050\116\114\237\237\163\251\121\340\117\125\156\070\142\017\000\050\000T\000u\000r\000t\000l\000e\000\040\000G\000e\000o\000m\000e\000t\000r\000y\000\051\166\204\117\213\133\120}{section*.124}% 91
\BOOKMARK [2][-]{section*.126}{\376\377\156\051\117\057\150\074\166\204\145\131\133\146\133\236\232\214}{section*.124}% 92
\BOOKMARK [1][-]{section*.127}{\376\377\123\302\200\003\000R\000e\000f\000e\000r\000e\000n\000c\000e\000s}{chapter.15}% 93
\BOOKMARK [0][-]{chapter.16}{\376\377\143\001\176\355\226\306\142\020}{part.6}% 94
\BOOKMARK [1][-]{section*.128}{\376\377\232\214\145\066\155\113\213\325}{chapter.16}% 95
\BOOKMARK [2][-]{section*.131}{\376\377\155\113\213\325\201\352\122\250\123\026}{section*.128}% 96
\BOOKMARK [2][-]{section*.132}{\376\377\143\001\176\355\226\306\142\020}{section*.128}% 97
\BOOKMARK [2][-]{section*.133}{\376\377\126\342\226\037\123\117\117\134}{section*.128}% 98
\BOOKMARK [2][-]{section*.136}{\376\377\143\001\176\355\116\244\116\330}{section*.128}% 99
\BOOKMARK [1][-]{section*.137}{\376\377\226\104\116\366}{chapter.16}% 100
\BOOKMARK [2][-]{section*.138}{\376\377\143\001\176\355\226\306\142\020}{section*.137}% 101
\BOOKMARK [2][-]{section*.139}{\376\377\142\200\147\057\120\072\122\241\117\213\133\120}{section*.137}% 102
\BOOKMARK [1][-]{section*.140}{\376\377\123\302\200\003\000R\000e\000f\000e\000r\000e\000n\000c\000e\000s}{chapter.16}% 103
\BOOKMARK [0][-]{chapter.17}{\376\377\176\323\133\371\177\026\172\013\116\016\124\014\210\114\213\304\133\241}{part.6}% 104
\BOOKMARK [1][-]{section*.141}{\376\377\127\371\213\255}{chapter.17}% 105
\BOOKMARK [2][-]{section*.149}{\376\377\140\073\176\323}{section*.141}% 106
\BOOKMARK [1][-]{section*.150}{\376\377\226\104\116\366}{chapter.17}% 107
\BOOKMARK [2][-]{section*.151}{\376\377\116\343\170\001\123\357\213\373\140\047\117\213\133\120}{section*.150}% 108
\BOOKMARK [0][-]{chapter.18}{\376\377\217\157\116\366\227\000\154\102}{part.6}% 109
\BOOKMARK [0][-]{chapter.19}{\376\377\133\242\142\067\123\302\116\016}{part.6}% 110
\BOOKMARK [0][-]{chapter.20}{\376\377\126\342\226\037\123\117\117\134}{part.6}% 111
\BOOKMARK [-1][-]{part.7}{\376\377\000V\000I\000I\000\040\136\246\221\317\116\016\122\006\147\220}{}% 112
\BOOKMARK [0][-]{chapter.21}{\376\377\120\132\225\356\123\167\214\003\147\345}{part.7}% 113
\BOOKMARK [0][-]{chapter.22}{\376\377\145\131\134\017\133\151\176\337\213\241\122\006\147\220}{part.7}% 114
\BOOKMARK [0][-]{chapter.23}{\376\377\120\107\213\276\150\300\232\214}{part.7}% 115
\BOOKMARK [0][-]{chapter.24}{\376\377\143\247\122\066\126\376}{part.7}% 116
\BOOKMARK [1][-]{section*.152}{\376\377\136\372\172\313\127\372\176\277}{chapter.24}% 117
\BOOKMARK [2][-]{section*.153}{\376\377\126\152\227\363\217\330\146\057\117\341\123\367}{section*.152}% 118
\BOOKMARK [2][-]{section*.154}{\376\377\143\247\122\066\126\376\166\204\136\224\165\050}{section*.152}% 119
\BOOKMARK [2][-]{section*.158}{\376\377\140\073\176\323}{section*.152}% 120
\BOOKMARK [1][-]{section*.159}{\376\377\226\104\116\366}{chapter.24}% 121
\BOOKMARK [2][-]{section*.160}{\376\377\131\202\117\125\165\073\000I\000m\000R\143\247\122\066\126\376}{section*.159}% 122
\BOOKMARK [2][-]{section*.161}{\376\377\124\004\171\315\143\247\122\066\126\376}{section*.159}% 123
\BOOKMARK [2][-]{section*.162}{\376\377\217\307\172\013\200\375\122\233\000\050\000P\000r\000o\000c\000e\000s\000s\000\040\000C\000a\000p\000a\000b\000i\000l\000i\000t\000y\000\051}{section*.159}% 124
\BOOKMARK [2][-]{section*.163}{\376\377\176\306\122\006\117\213\133\120}{section*.159}% 125
\BOOKMARK [2][-]{section*.164}{\376\377\123\302\200\003\000\040\000R\000e\000f\000e\000r\000e\000n\000c\000e\000s}{section*.159}% 126
\BOOKMARK [-1][-]{part.8}{\376\377\000V\000I\000I\000I\000\040\140\073\176\323}{}% 127
\BOOKMARK [0][-]{chapter.25}{\376\377\122\033\145\260\377\032\116\316\116\052\116\272\122\060\121\154\123\370}{part.8}% 128
\BOOKMARK [1][-]{section*.165}{\376\377\137\025\212\000}{chapter.25}% 129
\BOOKMARK [2][-]{section*.166}{\376\377\0004\0000\0000\136\164\122\115\166\204\221\315\131\047\145\160\133\146\123\321\146\016}{section*.165}% 130
\BOOKMARK [2][-]{section*.167}{\376\377\122\033\145\260\000\040\000C\000r\000e\000a\000t\000i\000v\000i\000t\000y}{section*.165}% 131
\BOOKMARK [2][-]{section*.168}{\376\377\122\033\220\040\166\204\174\276\171\136\000\040\000S\000p\000i\000r\000i\000t\000\040\000o\000f\000\040\000C\000r\000e\000a\000t\000i\000n\000g}{section*.165}% 132
\BOOKMARK [2][-]{section*.169}{\376\377\121\154\123\370\131\202\117\125\122\033\145\260}{section*.165}% 133
\BOOKMARK [2][-]{section*.170}{\376\377\227\363\116\120\144\255\145\076\126\150}{section*.165}% 134
\BOOKMARK [2][-]{section*.171}{\376\377\000i\000T\000u\000n\000e\000s\000\040\177\121\116\012\125\106\136\227}{section*.165}% 135
\BOOKMARK [2][-]{section*.172}{\376\377\121\154\123\370\131\202\117\125\122\033\145\260}{section*.165}% 136
\BOOKMARK [2][-]{section*.173}{\376\377\116\007\116\213\215\167\131\064\226\276}{section*.165}% 137
\BOOKMARK [2][-]{section*.174}{\376\377\116\316\137\353\170\064\116\247\123\330\116\072\142\225\215\104\126\336\142\245\147\000\131\175\166\204\142\225\215\104}{section*.165}% 138
\BOOKMARK [2][-]{section*.175}{\376\377\121\154\123\370\122\033\145\260\142\020\122\237\211\201\175\040}{section*.165}% 139
\BOOKMARK [2][-]{section*.182}{\376\377\176\323\147\137\213\355}{section*.165}% 140
\BOOKMARK [1][-]{section*.183}{\376\377\116\052\116\272\176\317\232\214\145\131\213\255}{chapter.25}% 141
\BOOKMARK [1][-]{section*.184}{\376\377\226\104\116\366}{chapter.25}% 142
\BOOKMARK [2][-]{section*.185}{\376\377\000P\000i\000x\000a\000r\000\040\122\066\117\134\173\054\116\000\220\350\165\065\201\021\122\250\157\053\377\032\163\251\121\167\140\073\122\250\124\130\000\050\000T\000o\000y\000\0