\BOOKMARK [-1][-]{part.1}{\376\377\000I\000\040\150\110\117\213\122\006\147\220}{}% 1
\BOOKMARK [0][-]{chapter.1}{\376\377\131\202\117\125\145\071\125\204}{part.1}% 2
\BOOKMARK [1][-]{section*.3}{\376\377\145\117\143\167\137\000\123\321\217\307\172\013\145\071\217\333\150\110\117\213}{chapter.1}% 3
\BOOKMARK [2][-]{section*.9}{\376\377\131\202\117\125\145\071\125\204}{section*.3}% 4
\BOOKMARK [2][-]{section*.10}{\376\377\116\060\165\060\145\105\116\213}{section*.3}% 5
\BOOKMARK [2][-]{section*.11}{\376\377\154\064\227\142\116\013\166\204\173\241\164\006\140\035\215\357}{section*.3}% 6
\BOOKMARK [2][-]{section*.21}{\376\377\145\071\125\204\215\050\221\317}{section*.3}% 7
\BOOKMARK [2][-]{section*.22}{\376\377\176\323\147\137\213\355}{section*.3}% 8
\BOOKMARK [1][-]{section*.23}{\376\377\226\104\116\366}{chapter.1}% 9
\BOOKMARK [2][-]{section*.24}{\376\377\163\260\116\343\154\175\217\146\165\037\116\247}{section*.23}% 10
\BOOKMARK [2][-]{section*.25}{\376\377\000X\000P}{section*.23}% 11
\BOOKMARK [2][-]{section*.41}{\376\377\0005\000S\154\325}{section*.23}% 12
\BOOKMARK [1][-]{section*.42}{\376\377\123\302\200\003\000\040\000R\000e\000f\000e\000r\000e\000n\000c\000e\000s}{chapter.1}% 13
\BOOKMARK [-1][-]{part.2}{\376\377\000I\000I\000\040\126\342\226\037\116\016\201\352\142\021\145\071\125\204\127\372\147\054\122\237}{}% 14
\BOOKMARK [0][-]{chapter.2}{\376\377\145\071\217\333\116\316\126\342\226\037\137\000\131\313}{part.2}% 15
\BOOKMARK [1][-]{section*.43}{\376\377\177\216\126\375\215\071\127\316\000\040\000W\000e\000i\000s\000b\000o\000r\000d\000\040\145\105\116\213}{chapter.2}% 16
\BOOKMARK [2][-]{section*.46}{\376\377\000W\000e\000i\000s\000b\000o\000r\000d\000\040\145\105\116\213\166\204\124\057\123\321}{section*.43}% 17
\BOOKMARK [2][-]{section*.49}{\376\377\170\064\121\260\000\040\000-\000\040\123\330\227\151\000\040\000-\000\040\172\063\133\232}{section*.43}% 18
\BOOKMARK [2][-]{section*.50}{\376\377\142\020\122\237\211\201\175\040}{section*.43}% 19
\BOOKMARK [2][-]{section*.55}{\376\377\176\323\147\137\213\355}{section*.43}% 20
\BOOKMARK [1][-]{section*.56}{\376\377\123\302\200\003\000\040\000R\000e\000f\000e\000r\000e\000n\000c\000e\000s}{chapter.2}% 21
\BOOKMARK [0][-]{chapter.3}{\376\377\121\113\147\015\142\326\136\366\165\307}{part.2}% 22
\BOOKMARK [1][-]{section*.67}{\376\377\176\323\147\137\213\355}{chapter.3}% 23
\BOOKMARK [1][-]{section*.68}{\376\377\226\104\116\366}{chapter.3}% 24
\BOOKMARK [2][-]{section*.69}{\376\377\225\073\160\274\116\113\220\123\000\040\000T\000h\000e\000\040\000T\000r\000u\000t\000h\000\040\000a\000b\000o\000u\000t\000\040\000E\000X\000E\000R\000C\000I\000S\000E}{section*.68}% 25
\BOOKMARK [1][-]{section*.70}{\376\377\123\302\200\003\000\040\000R\000e\000f\000e\000r\000e\000n\000c\000e\000s}{chapter.3}% 26
\BOOKMARK [-1][-]{part.3}{\376\377\000I\000I\000I\000\040\201\352\142\021\173\241\164\006\137\000\123\321\217\307\172\013}{}% 27
\BOOKMARK [0][-]{chapter.4}{\376\377\116\011\160\271\117\060\173\227}{part.3}% 28
\BOOKMARK [1][-]{section*.71}{\376\377\117\060\173\227\146\057\116\000\116\052\203\003\126\364\377\014\116\015\146\057\116\000\116\052\145\160}{chapter.4}% 29
\BOOKMARK [2][-]{section*.72}{\376\377\116\316\123\125\160\271\122\060\116\011\160\271\117\060\173\227}{section*.71}% 30
\BOOKMARK [2][-]{section*.73}{\376\377\140\073\176\323\000\040\000+\000\040\211\343\213\373\122\006\147\220\176\323\147\234}{section*.71}% 31
\BOOKMARK [2][-]{section*.74}{\376\377\122\051\165\050\204\231\162\171\123\141\155\033\152\041\142\337\0001\0000\116\052\153\145\232\244\377\010\116\011\211\322\137\142\122\006\136\003\377\011\166\204\140\073\122\006\136\003}{section*.71}% 32
\BOOKMARK [2][-]{section*.75}{\376\377\122\006\147\220\0001\0000\153\145\232\244\152\041\142\337\176\323\147\234}{section*.71}% 33
\BOOKMARK [1][-]{section*.76}{\376\377\226\104\116\366}{chapter.4}% 34
\BOOKMARK [2][-]{section*.77}{\376\377\204\231\162\171\123\141\155\033\000\050\000M\000o\000n\000t\000e\000\040\000C\000a\000r\000l\000o\000\051\000\040\152\041\142\337}{section*.76}% 35
\BOOKMARK [0][-]{chapter.5}{\376\377\221\317\123\026\173\241\164\006\116\316\116\052\116\272\137\000\131\313}{part.3}% 36
\BOOKMARK [1][-]{section*.78}{\376\377\131\202\117\125\226\115\117\116\230\171\166\356\217\333\136\246\120\117\135\356}{chapter.5}% 37
\BOOKMARK [2][-]{section*.79}{\376\377\116\316\221\317\123\026\127\371\213\255\137\000\131\313}{section*.78}% 38
\BOOKMARK [2][-]{section*.80}{\376\377\116\316\117\060\173\227\060\001\173\126\122\022\122\060\166\321\143\247}{section*.78}% 39
\BOOKMARK [2][-]{section*.81}{\376\377\140\073\176\323}{section*.78}% 40
\BOOKMARK [2][-]{section*.82}{\376\377\136\224\213\345\131\202\117\125\145\071\125\204}{section*.78}% 41
\BOOKMARK [1][-]{section*.83}{\376\377\226\104\116\366}{chapter.5}% 42
\BOOKMARK [2][-]{section*.84}{\376\377\143\043\120\074\122\006\147\220\154\325\377\010\000E\000a\000r\000n\000e\000d\000\040\000V\000a\000l\000u\000e\377\011}{section*.83}% 43
\BOOKMARK [2][-]{section*.85}{\376\377\000T\000i\000p\000s\377\032\131\202\117\125\173\200\123\125\213\260\137\125\135\345\145\366}{section*.83}% 44
\BOOKMARK [2][-]{section*.86}{\376\377\116\052\117\123\217\157\116\366\217\307\172\013\000\040\000P\000e\000r\000s\000o\000n\000a\000l\000\040\000S\000o\000f\000t\000w\000a\000r\000e\000\040\000P\000r\000o\000c\000e\000s\000s\377\010\000P\000S\000P\377\011\000\040\173\200\116\313}{section*.83}% 45
\BOOKMARK [2][-]{section*.92}{\376\377\117\177\165\050\143\043\120\074\122\006\147\220\166\321\143\247\150\110\117\213}{section*.83}% 46
\BOOKMARK [1][-]{section*.94}{\376\377\123\302\200\003\000R\000e\000f\000e\000r\000e\000n\000c\000e\000s}{chapter.5}% 47
\BOOKMARK [0][-]{chapter.6}{\376\377\117\060\173\227\217\157\116\366\211\304\152\041}{part.3}% 48
\BOOKMARK [1][-]{section*.95}{\376\377\116\072\116\300\116\110\211\201\117\060\211\304\152\041}{chapter.6}% 49
\BOOKMARK [2][-]{section*.96}{\376\377\116\072\116\300\116\110\116\015\136\224\165\050\116\343\170\001\210\114\145\160\000\050\000L\000O\000C\000\051}{section*.95}% 50
\BOOKMARK [2][-]{section*.99}{\376\377\140\016\150\067\117\060\000S\000i\000F\000P}{section*.95}% 51
\BOOKMARK [2][-]{section*.100}{\376\377\116\316\145\105\116\213\160\271\217\154\173\200\123\026\122\237\200\375\160\271}{section*.95}% 52
\BOOKMARK [1][-]{section*.102}{\376\377\226\104\116\366}{chapter.6}% 53
\BOOKMARK [2][-]{section*.103}{\376\377\173\200\123\026\122\237\200\375\160\271\000\050\000S\000i\000F\000P\000\051\000\040\173\200\116\313}{section*.102}% 54
\BOOKMARK [2][-]{section*.110}{\376\377\220\073\217\221\145\207\116\366\000\040\000L\000o\000g\000i\000c\000a\000l\000\040\000F\000i\000l\000e}{section*.102}% 55
\BOOKMARK [2][-]{section*.112}{\376\377\127\372\147\054\217\307\172\013\000\040\000E\000l\000e\000m\000e\000n\000t\000a\000r\000y\000\040\000P\000r\000o\000c\000e\000s\000s}{section*.102}% 56
\BOOKMARK [2][-]{section*.115}{\376\377\133\236\117\213\377\032\213\306\122\053\127\372\147\054\217\307\172\013\000\040\000\050\000E\000P\000\040\000e\000l\000e\000m\000e\000n\000t\000a\000r\000y\000\040\000p\000r\000o\000c\000e\000s\000s\000\051}{section*.102}% 57
\BOOKMARK [2][-]{section*.119}{\376\377\0001\000.\157\134\154\064\133\146\150\041\000:\137\000\123\321\230\171\166\356\000\040\000E\000X\000A\000M\000P\000L\000E\000\040\000D\000i\000v\000i\000n\000g\000\040\000S\000c\000h\000o\000o\000l\000:\000\040\000D\000e\000v\000e\000l\000o\000p\000m\000e\000n\000t\000\040\000P\000r\000o\000j\000e\000c\000t}{section*.102}% 58
\BOOKMARK [2][-]{section*.127}{\376\377\117\213\133\120\116\000\173\124\150\110\116\016\211\343\213\373}{section*.102}% 59
\BOOKMARK [2][-]{section*.129}{\376\377\0002\000.\157\134\154\064\133\146\150\041\000:\000F\000E\000M\230\171\166\356}{section*.102}% 60
\BOOKMARK [2][-]{section*.138}{\376\377\117\213\133\120\116\214\173\124\150\110\116\016\211\343\213\373}{section*.102}% 61
\BOOKMARK [2][-]{section*.140}{\376\377\116\016\126\375\226\105\122\237\200\375\160\271\000\050\000I\000F\000P\000U\000G\000\051\166\204\120\117\135\356}{section*.102}% 62
\BOOKMARK [1][-]{section*.141}{\376\377\123\302\200\003\000R\000e\000f\000e\000r\000e\000n\000c\000e\000s}{chapter.6}% 63
\BOOKMARK [0][-]{chapter.7}{\376\377\117\060\173\227\135\345\117\134\221\317}{part.3}% 64
\BOOKMARK [1][-]{section*.142}{\376\377\117\060\173\227\377\032\227\140\152\041\127\213\377\014\217\330\146\057\227\140\116\023\133\266\377\037\000\050\000M\000o\000d\000e\000l\000-\000b\000a\000s\000e\000d\000\040\000V\000s\000\040\000E\000x\000p\000e\000r\000t\000-\000b\000a\000s\000e\000d\000\040\000e\000s\000t\000i\000m\000a\000t\000i\000o\000n\000\051}{chapter.7}% 65
\BOOKMARK [2][-]{section*.143}{\376\377\116\072\116\300\116\110\117\060\173\227\137\000\123\321\135\345\117\134\221\317\000/\135\345\147\037\217\331\116\110\126\360\226\276\377\037}{section*.142}% 66
\BOOKMARK [2][-]{section*.144}{\376\377\117\060\173\227\217\157\116\366\137\000\123\321\166\204\126\360\226\276}{section*.142}% 67
\BOOKMARK [1][-]{section*.146}{\376\377\226\104\116\366}{chapter.7}% 68
\BOOKMARK [2][-]{section*.147}{\376\377\117\060\173\227\170\014\116\120\232\330\171\357\147\050\145\366\225\177\000\040\040\023\000\040\0002\0000\0001\0005\136\164\133\146\165\037\133\236\232\214\145\160\143\156}{section*.146}% 69
\BOOKMARK [1][-]{section*.150}{\376\377\123\302\200\003\000R\000e\000f\000e\000r\000e\000n\000c\000e\000s}{chapter.7}% 70
\BOOKMARK [-1][-]{part.4}{\376\377\000I\000V\000\040\137\000\131\313\217\307\172\013\145\071\217\333\116\113\145\305}{}% 71
\BOOKMARK [0][-]{chapter.8}{\376\377\203\267\123\326\232\330\134\102\145\057\143\001}{part.4}% 72
\BOOKMARK [1][-]{section*.151}{\376\377\173\054\116\000\162\110\145\271\150\110\116\146}{chapter.8}% 73
\BOOKMARK [2][-]{section*.152}{\376\377\173\054\116\214\162\110\116\016\116\055\134\102\170\156\213\244\377\014\000\040\161\066\124\016\124\021\232\330\134\102\154\107\142\245}{section*.151}% 74
\BOOKMARK [0][-]{chapter.9}{\376\377\133\373\142\176\145\071\217\333\147\072\117\032}{part.4}% 75
\BOOKMARK [1][-]{section*.155}{\376\377\140\073\176\323\213\277\214\010\166\204\225\356\230\230\123\321\163\260}{chapter.9}% 76
\BOOKMARK [2][-]{section*.156}{\376\377\173\241\164\006\134\102\166\204\164\006\211\343\116\016\145\057\143\001}{section*.155}% 77
\BOOKMARK [2][-]{section*.157}{\376\377\140\073\176\323}{section*.155}% 78
\BOOKMARK [1][-]{section*.158}{\376\377\226\104\116\366}{chapter.9}% 79
\BOOKMARK [2][-]{section*.159}{\376\377\000C\000M\000M\000I\213\304\117\060\150\110\117\213}{section*.158}% 80
\BOOKMARK [-1][-]{part.5}{\376\377\000V\000\040\131\202\117\125\120\132\131\175\217\355\116\343\126\336\230\176}{}% 81
\BOOKMARK [0][-]{chapter.10}{\376\377\150\071\126\340\122\006\147\220}{part.5}% 82
\BOOKMARK [1][-]{section*.161}{\376\377\122\006\147\220\116\213\145\105\150\071\126\340\377\032\116\012\226\306}{chapter.10}% 83
\BOOKMARK [2][-]{section*.162}{\376\377\231\231\156\057\123\127\116\053\155\167\226\276}{section*.161}% 84
\BOOKMARK [2][-]{section*.163}{\376\377\150\071\126\340\122\006\147\220\213\357\211\343\150\110\117\213}{section*.161}% 85
\BOOKMARK [2][-]{section*.164}{\376\377\140\016\150\067\142\115\200\375\120\132\131\175\150\071\126\340\122\006\147\220}{section*.161}% 86
\BOOKMARK [2][-]{section*.165}{\376\377\142\200\147\057\140\073\166\321\176\317\232\214\116\113\214\010}{section*.161}% 87
\BOOKMARK [2][-]{section*.166}{\376\377\176\323\147\137\213\355}{section*.161}% 88
\BOOKMARK [1][-]{section*.167}{\376\377\226\104\116\366}{chapter.10}% 89
\BOOKMARK [2][-]{section*.168}{\376\377\116\214\121\153\123\237\122\031\116\016\145\160\143\156\122\006\174\173}{section*.167}% 90
\BOOKMARK [2][-]{section*.169}{\376\377\131\047\221\316\200\020\116\000\121\110\165\037\000`\000`\000\040\0005\000\040\000W\000h\000y\000\040\000'\000'\133\236\117\213}{section*.167}% 91
\BOOKMARK [0][-]{chapter.11}{\376\377\131\202\117\125\226\115\117\116\217\157\116\366\137\000\123\321\215\050\221\317\142\020\147\054}{part.5}% 92
\BOOKMARK [1][-]{section*.170}{\376\377\145\160\143\156\145\066\226\306}{chapter.11}% 93
\BOOKMARK [2][-]{section*.171}{\376\377\201\352\122\250\123\026\176\337\213\241\122\006\147\220}{section*.170}% 94
\BOOKMARK [2][-]{section*.172}{\376\377\145\160\143\156\145\066\226\306\230\221\163\207}{section*.170}% 95
\BOOKMARK [2][-]{section*.173}{\376\377\124\352\221\314\147\000\200\027\135\345\117\134\221\317}{section*.170}% 96
\BOOKMARK [2][-]{section*.174}{\376\377\122\006\147\220\177\072\226\167\143\222\226\144\163\207\226\115\117\116\215\050\221\317\142\020\147\054}{section*.170}% 97
\BOOKMARK [2][-]{section*.175}{\376\377\176\323\147\137\213\355}{section*.170}% 98
\BOOKMARK [1][-]{section*.176}{\376\377\226\104\116\366}{chapter.11}% 99
\BOOKMARK [2][-]{section*.177}{\376\377\215\050\221\317\142\020\147\054\000\040\000C\000O\000Q\000\040\000\050\000C\000o\000s\000t\000\040\000o\000f\000\040\000Q\000u\000a\000l\000i\000t\000y\000\051}{section*.176}% 100
\BOOKMARK [2][-]{section*.178}{\376\377\121\154\123\370\232\330\134\102\116\015\116\000\133\232\121\163\154\350\215\050\221\317}{section*.176}% 101
\BOOKMARK [2][-]{section*.179}{\376\377\137\000\123\321\230\171\166\356\135\345\117\134\221\317\377\010\142\020\147\054\377\011\122\006\136\003}{section*.176}% 102
\BOOKMARK [0][-]{chapter.12}{\376\377\131\202\117\125\120\132\131\175\121\306\131\007}{part.5}% 103
\BOOKMARK [1][-]{section*.180}{\376\377\122\006\147\220\116\213\145\105\150\071\126\340\377\032\116\013\226\306}{chapter.12}% 104
\BOOKMARK [2][-]{section*.181}{\376\377\126\336\230\176\155\101\172\013}{section*.180}% 105
\BOOKMARK [2][-]{section*.182}{\376\377\120\132\131\175\126\336\230\176\0004\123\237\122\031}{section*.180}% 106
\BOOKMARK [2][-]{section*.183}{\376\377\126\342\226\037\217\355\116\343\126\336\230\176\150\071\126\340\122\006\147\220\136\070\211\301\225\356\230\230}{section*.180}% 107
\BOOKMARK [2][-]{section*.184}{\376\377\127\371\213\255\377\032\173\126\122\022\116\016\121\306\131\007}{section*.180}% 108
\BOOKMARK [2][-]{section*.189}{\376\377\117\177\165\050\116\214\121\153\123\237\122\031\116\016\000K\000J\122\006\147\220\150\071\126\340\133\236\117\213}{section*.180}% 109
\BOOKMARK [2][-]{section*.193}{\376\377\176\317\232\214\145\131\213\255}{section*.180}% 110
\BOOKMARK [2][-]{section*.194}{\376\377\176\323\147\137\213\355}{section*.180}% 111
\BOOKMARK [1][-]{section*.195}{\376\377\226\104\116\366}{chapter.12}% 112
\BOOKMARK [2][-]{section*.196}{\376\377\156\070\142\017\000:\136\224\116\016\124\046}{section*.195}% 113
\BOOKMARK [2][-]{section*.202}{\376\377\131\202\117\125\122\006\147\220\177\072\226\167\145\160\143\156\137\227\121\372\230\204\155\113\152\041\127\213\123\302\145\160\377\014\121\372\122\006\136\003\126\376}{section*.195}% 114
\BOOKMARK [2][-]{section*.204}{\376\377\000A\000s\000c\000h\000\040\0001\0009\0005\0001\000\040\177\244\117\027\123\213\122\233\133\236\232\214}{section*.195}% 115
\BOOKMARK [2][-]{section*.205}{\376\377\000B\000r\000e\000h\000m\000\040\0001\0009\0005\0006\000\040\121\263\173\126\137\161\124\315\133\236\232\214}{section*.195}% 116
\BOOKMARK [2][-]{section*.206}{\376\377\174\256\230\337\122\006\221\115\133\236\232\214}{section*.195}% 117
\BOOKMARK [2][-]{section*.207}{\376\377\000K\000J\122\006\147\220\145\271\154\325\153\145\232\244}{section*.195}% 118
\BOOKMARK [2][-]{section*.208}{\376\377\154\064\146\166\164\003\204\231\162\171\123\141\155\033\230\204\155\113\152\041\127\213}{section*.195}% 119
\BOOKMARK [0][-]{chapter.13}{\376\377\133\236\145\275\116\016\176\364\142\244}{part.5}% 120
\BOOKMARK [1][-]{section*.209}{\376\377\121\306\131\007\217\355\116\343\126\336\230\176\000\040\000Q\000\046\000A}{chapter.13}% 121
\BOOKMARK [2][-]{section*.213}{\376\377\136\372\172\313\126\342\226\037\150\007\147\106\377\010\127\372\176\277\377\011}{section*.209}% 122
\BOOKMARK [2][-]{section*.214}{\376\377\116\316\217\355\116\343\131\015\166\330\122\060\143\001\176\355\145\071\217\333}{section*.209}% 123
\BOOKMARK [2][-]{section*.215}{\376\377\117\303\217\333\121\154\123\370\217\307\172\013\145\071\217\333}{section*.209}% 124
\BOOKMARK [2][-]{section*.216}{\376\377\176\323\147\137\213\355}{section*.209}% 125
\BOOKMARK [2][-]{section*.217}{\376\377\116\015\116\305\116\305\220\002\165\050\116\216\122\006\147\220\217\355\116\343\177\072\226\167\145\160\143\156}{section*.209}% 126
\BOOKMARK [1][-]{section*.219}{\376\377\226\104\116\366}{chapter.13}% 127
\BOOKMARK [2][-]{section*.220}{\376\377\000F\000M\000E\000A\000\040\133\236\117\213}{section*.219}% 128
\BOOKMARK [2][-]{section*.221}{\376\377\122\237\200\375\140\047\122\006\176\304\136\056\122\251\126\342\226\037\142\020\225\177\133\236\117\213}{section*.219}% 129
\BOOKMARK [2][-]{section*.222}{\376\377\000G\000Q\000M}{section*.219}% 130
\BOOKMARK [1][-]{section*.223}{\376\377\123\302\200\003\000\040\000R\000e\000f\000e\000r\000e\000n\000c\000e\000s}{chapter.13}% 131
\BOOKMARK [-1][-]{part.6}{\376\377\000V\000I\000\040\116\343\170\001\215\050\221\317\145\071\217\333\166\204\127\372\170\100}{}% 132
\BOOKMARK [0][-]{chapter.14}{\376\377\155\113\213\325\232\161\122\250\137\000\123\321}{part.6}% 133
\BOOKMARK [1][-]{section*.224}{\376\377\116\072\116\300\116\110\142\021\116\354\211\201\155\113\213\325\232\161\122\250\137\000\123\321}{chapter.14}% 134
\BOOKMARK [2][-]{section*.225}{\376\377\153\317\134\017\153\145\232\214\213\301}{section*.224}% 135
\BOOKMARK [2][-]{section*.226}{\376\377\165\050\000T\000D\000D\137\000\123\321\172\013\136\217}{section*.224}% 136
\BOOKMARK [2][-]{section*.228}{\376\377\123\125\121\103\155\113\213\325\116\016\000T\000D\000D\166\204\131\175\131\004}{section*.224}% 137
\BOOKMARK [2][-]{section*.229}{\376\377\176\323\147\137\213\355}{section*.224}% 138
\BOOKMARK [1][-]{section*.230}{\376\377\226\104\116\366}{chapter.14}% 139
\BOOKMARK [2][-]{section*.231}{\376\377\116\316\000\040\000M\000I\000T\000\040\000O\000C\000W\000\040\133\146\121\231\172\013\136\217}{section*.230}% 140
\BOOKMARK [0][-]{chapter.15}{\376\377\116\343\170\001\221\315\147\204}{part.6}% 141
\BOOKMARK [1][-]{section*.236}{\376\377\131\202\117\125\133\146\131\175\000S\000O\000L\000I\000D\377\014\142\123\131\175\127\372\170\100\120\132\221\315\147\204}{chapter.15}% 142
\BOOKMARK [2][-]{section*.237}{\376\377\131\202\117\125\143\320\123\107\133\146\124\130\166\204\121\164\215\243\116\016\122\250\122\233}{section*.236}% 143
\BOOKMARK [2][-]{section*.238}{\376\377\116\300\116\110\145\366\120\031\120\132\221\315\147\204}{section*.236}% 144
\BOOKMARK [2][-]{section*.239}{\376\377\116\343\170\001\211\304\203\003}{section*.236}% 145
\BOOKMARK [2][-]{section*.240}{\376\377\143\001\176\355\226\306\142\020}{section*.236}% 146
\BOOKMARK [1][-]{section*.241}{\376\377\226\104\116\366}{chapter.15}% 147
\BOOKMARK [2][-]{section*.242}{\376\377\134\017\133\151\122\051\165\050\116\114\237\237\163\251\121\340\117\125\156\070\142\017\000\050\000T\000u\000r\000t\000l\000e\000\040\000G\000e\000o\000m\000e\000t\000r\000y\000\051\166\204\117\213\133\120}{section*.241}% 148
\BOOKMARK [2][-]{section*.243}{\376\377\156\051\117\057\150\074\166\204\145\131\133\146\133\236\232\214}{section*.241}% 149
\BOOKMARK [1][-]{section*.244}{\376\377\123\302\200\003\000\040\000R\000e\000f\000e\000r\000e\000n\000c\000e\000s}{chapter.15}% 150
\BOOKMARK [0][-]{chapter.16}{\376\377\143\001\176\355\226\306\142\020}{part.6}% 151
\BOOKMARK [1][-]{section*.245}{\376\377\232\214\145\066\155\113\213\325}{chapter.16}% 152
\BOOKMARK [2][-]{section*.248}{\376\377\155\113\213\325\201\352\122\250\123\026}{section*.245}% 153
\BOOKMARK [2][-]{section*.249}{\376\377\143\001\176\355\226\306\142\020}{section*.245}% 154
\BOOKMARK [2][-]{section*.250}{\376\377\126\342\226\037\123\117\117\134}{section*.245}% 155
\BOOKMARK [2][-]{section*.253}{\376\377\143\001\176\355\116\244\116\330}{section*.245}% 156
\BOOKMARK [1][-]{section*.254}{\376\377\226\104\116\366}{chapter.16}% 157
\BOOKMARK [2][-]{section*.255}{\376\377\143\001\176\355\226\306\142\020}{section*.254}% 158
\BOOKMARK [2][-]{section*.256}{\376\377\142\200\147\057\120\072\122\241\117\213\133\120}{section*.254}% 159
\BOOKMARK [1][-]{section*.257}{\376\377\123\302\200\003\000\040\000R\000e\000f\000e\000r\000e\000n\000c\000e\000s}{chapter.16}% 160
\BOOKMARK [0][-]{chapter.17}{\376\377\176\323\133\371\177\026\172\013\116\016\124\014\210\114\213\304\133\241}{part.6}% 161
\BOOKMARK [1][-]{section*.258}{\376\377\127\371\213\255}{chapter.17}% 162
\BOOKMARK [2][-]{section*.266}{\376\377\140\073\176\323}{section*.258}% 163
\BOOKMARK [1][-]{section*.267}{\376\377\226\104\116\366}{chapter.17}% 164
\BOOKMARK [2][-]{section*.268}{\376\377\116\343\170\001\123\357\213\373\140\047\117\213\133\120}{section*.267}% 165
\BOOKMARK [0][-]{chapter.18}{\376\377\217\157\116\366\227\000\154\102}{part.6}% 166
\BOOKMARK [1][-]{section*.269}{\376\377\226\104\116\366}{chapter.18}% 167
\BOOKMARK [2][-]{section*.270}{\376\377\202\361\126\375\161\144\167\377\165\037\116\247\225\356\230\230\166\204\170\024\172\166}{section*.269}% 168
\BOOKMARK [0][-]{chapter.19}{\376\377\133\242\142\067\123\302\116\016}{part.6}% 169
\BOOKMARK [1][-]{section*.271}{\376\377\136\070\211\301\225\356\230\230}{chapter.19}% 170
\BOOKMARK [2][-]{section*.274}{\376\377\213\306\122\053\122\051\166\312\166\370\121\163\200\005}{section*.271}% 171
\BOOKMARK [2][-]{section*.275}{\376\377\165\050\142\067\145\105\116\213\123\141}{section*.271}% 172
\BOOKMARK [2][-]{section*.276}{\376\377\165\050\117\213\116\016\127\072\146\157}{section*.271}% 173
\BOOKMARK [2][-]{section*.277}{\376\377\116\076\117\213}{section*.271}% 174
\BOOKMARK [1][-]{section*.279}{\376\377\226\104\116\366}{chapter.19}% 175
\BOOKMARK [2][-]{section*.280}{\376\377\122\051\166\312\166\370\121\163\200\005}{section*.279}% 176
\BOOKMARK [2][-]{section*.283}{\376\377\133\242\142\067\130\360\227\363\377\032\000K\000a\000n\000o\000\040\000D\000i\000a\000g\000r\000a\000m}{section*.279}% 177
\BOOKMARK [1][-]{section*.284}{\376\377\123\302\200\003\000\040\000R\000e\000f\000e\000r\000e\000n\000c\000e\000s}{chapter.19}% 178
\BOOKMARK [0][-]{chapter.20}{\376\377\126\342\226\037\123\117\117\134}{part.6}% 179
\BOOKMARK [1][-]{section*.285}{\376\377\124\004\201\352\215\037\215\043\201\352\135\361\137\000\123\321\166\204\152\041\127\127}{chapter.20}% 180
\BOOKMARK [2][-]{section*.286}{\376\377\126\342\226\037\124\010\117\134}{section*.285}% 181
\BOOKMARK [2][-]{section*.287}{\376\377\143\011\145\366\116\012\116\013\163\355}{section*.285}% 182
\BOOKMARK [2][-]{section*.288}{\376\377\116\300\116\110\133\374\201\364\174\373\176\337\135\051\156\203}{section*.285}% 183
\BOOKMARK [2][-]{section*.289}{\376\377\142\200\147\057\126\342\226\037\166\204\143\001\176\355\140\047}{section*.285}% 184
\BOOKMARK [2][-]{section*.290}{\376\377\232\161\122\250\126\342\226\037\145\071\217\333}{section*.285}% 185
\BOOKMARK [2][-]{section*.292}{\376\377\117\335\143\001\126\342\226\037\172\063\133\232}{section*.285}% 186
\BOOKMARK [1][-]{section*.293}{\376\377\226\104\116\366}{chapter.20}% 187
\BOOKMARK [2][-]{section*.294}{\376\377\136\163\210\141\137\303\140\001\000\040\000C\000o\000g\000n\000i\000t\000i\000v\000e\000\040\000D\000i\000s\000s\000o\000n\000a\000n\000c\000e}{section*.293}% 188
\BOOKMARK [1][-]{section*.295}{\376\377\123\302\200\003\000\040\000R\000e\000f\000e\000r\000e\000n\000c\000e\000s}{chapter.20}% 189
\BOOKMARK [-1][-]{part.7}{\376\377\000V\000I\000I\000\040\136\246\221\317\116\016\122\006\147\220}{}% 190
\BOOKMARK [0][-]{chapter.21}{\376\377\120\132\225\356\123\167\214\003\147\345}{part.7}% 191
\BOOKMARK [1][-]{section*.296}{\376\377\120\132\225\356\123\167\214\003\147\345}{chapter.21}% 192
\BOOKMARK [2][-]{section*.297}{\376\377\150\110\117\213\377\032\116\072\147\320\121\150\126\375\137\353\231\020\217\336\225\001\120\132\225\356\123\167\214\003\147\345}{section*.296}% 193
\BOOKMARK [2][-]{section*.303}{\376\377\140\073\176\323}{section*.296}% 194
\BOOKMARK [0][-]{chapter.22}{\376\377\145\131\134\017\133\151\176\337\213\241\122\006\147\220}{part.7}% 195
\BOOKMARK [1][-]{section*.304}{\376\377\145\131\134\017\133\151\176\337\213\241\122\006\147\220}{chapter.22}% 196
\BOOKMARK [1][-]{section*.305}{\376\377\116\316\200\003\213\325\142\020\176\351\122\060\215\070\146\023\220\006\135\356}{chapter.22}% 197
\BOOKMARK [1][-]{section*.312}{\376\377\122\006\147\220\117\213\133\120\377\032\217\336\176\355\116\016\122\006\176\304\145\160\143\156}{chapter.22}% 198
\BOOKMARK [1][-]{section*.315}{\376\377\140\073\176\323}{chapter.22}% 199
\BOOKMARK [1][-]{section*.316}{\376\377\226\104\116\366}{chapter.22}% 200
\BOOKMARK [2][-]{section*.317}{\376\377\131\202\117\125\165\073\203\016\123\366\126\376\000\050\000S\000t\000e\000m\000\040\000a\000n\000d\000\040\000l\000e\000a\000f\000\040\000p\000l\000o\000t\000\051}{section*.316}% 201
\BOOKMARK [2][-]{section*.318}{\376\377\173\261\176\277\126\376\000\040\000\050\000B\000o\000x\000\040\000a\000n\000d\000\040\000W\000h\000i\000s\000k\000e\000r\000\040\000P\000l\000o\000t\000\051}{section*.316}% 202
\BOOKMARK [1][-]{section*.319}{\376\377\123\302\200\003\000R\000e\000f\000e\000r\000e\000n\000c\000e\000s}{chapter.22}% 203
\BOOKMARK [0][-]{chapter.23}{\376\377\120\107\213\276\150\300\232\214}{part.7}% 204
\BOOKMARK [1][-]{section*.320}{\376\377\120\107\213\276\150\300\232\214\166\204\153\145\232\244}{chapter.23}% 205
\BOOKMARK [2][-]{section*.321}{\376\377\150\300\232\214\123\125\116\052\153\143\140\001\140\073\117\123\166\204\127\107\120\074}{section*.320}% 206
\BOOKMARK [2][-]{section*.322}{\376\377\153\324\217\203\116\044\116\052\153\143\140\001\140\073\117\123\166\204\127\107\120\074}{section*.320}% 207
\BOOKMARK [2][-]{section*.323}{\376\377\150\300\232\214\123\125\116\052\153\143\140\001\140\073\117\123\166\204\127\107\120\074\000,\145\271\135\356\147\052\167\345}{section*.320}% 208
\BOOKMARK [2][-]{section*.324}{\376\377\145\271\135\356\122\006\147\220\000\040\000\050\000A\000N\000O\000V\000A\000\040\000t\000e\000s\000t\000\051}{section*.320}% 209
\BOOKMARK [1][-]{section*.328}{\376\377\122\006\176\304\377\010\122\006\174\173\377\011\145\160\143\156}{chapter.23}% 210
\BOOKMARK [1][-]{section*.330}{\376\377\226\104\116\366}{chapter.23}% 211
\BOOKMARK [2][-]{section*.331}{\376\377\116\055\137\303\147\201\226\120\133\232\164\006\000\040\000\050\000C\000e\000n\000t\000r\000a\000l\000\040\000L\000i\000m\000i\000t\000\040\000T\000h\000e\000o\000r\000e\000m\000\040\000C\000L\000T\000\051}{section*.330}% 212
\BOOKMARK [2][-]{section*.332}{\376\377\150\300\232\214\123\125\116\052\153\143\140\001\145\164\117\123\127\107\120\074\166\370\121\163\145\271\172\013\137\017}{section*.330}% 213
\BOOKMARK [2][-]{section*.333}{\376\377\153\324\217\203\116\044\116\052\153\143\140\001\140\073\117\123\166\204\127\107\120\074}{section*.330}% 214
\BOOKMARK [2][-]{section*.334}{\376\377\150\300\232\214\123\125\116\052\153\143\140\001\140\073\117\123\166\204\127\107\120\074\000,\145\271\135\356\147\052\167\345}{section*.330}% 215
\BOOKMARK [2][-]{section*.335}{\376\377\000T\000u\000k\000e\000y\000-\000K\000r\000a\000m\000e\000r\000\040\166\370\121\163\145\271\172\013\137\017}{section*.330}% 216
\BOOKMARK [0][-]{chapter.24}{\376\377\143\247\122\066\126\376}{part.7}% 217
\BOOKMARK [1][-]{section*.337}{\376\377\136\372\172\313\127\372\176\277}{chapter.24}% 218
\BOOKMARK [2][-]{section*.338}{\376\377\126\152\227\363\217\330\146\057\117\341\123\367}{section*.337}% 219
\BOOKMARK [2][-]{section*.339}{\376\377\143\247\122\066\126\376\166\204\136\224\165\050}{section*.337}% 220
\BOOKMARK [2][-]{section*.343}{\376\377\140\073\176\323}{section*.337}% 221
\BOOKMARK [1][-]{section*.344}{\376\377\226\104\116\366}{chapter.24}% 222
\BOOKMARK [2][-]{section*.345}{\376\377\131\202\117\125\165\073\000I\000m\000R\143\247\122\066\126\376}{section*.344}% 223
\BOOKMARK [2][-]{section*.346}{\376\377\124\004\171\315\143\247\122\066\126\376}{section*.344}% 224
\BOOKMARK [2][-]{section*.347}{\376\377\217\307\172\013\200\375\122\233\000\050\000P\000r\000o\000c\000e\000s\000s\000\040\000C\000a\000p\000a\000b\000i\000l\000i\000t\000y\000\051}{section*.344}% 225
\BOOKMARK [2][-]{section*.348}{\376\377\176\306\122\006\117\213\133\120}{section*.344}% 226
\BOOKMARK [1][-]{section*.349}{\376\377\123\302\200\003\000\040\000R\000e\000f\000e\000r\000e\000n\000c\000e\000s}{chapter.24}% 227
\BOOKMARK [-1][-]{part.8}{\376\377\000V\000I\000I\000I\000\040\140\073\176\323}{}% 228
\BOOKMARK [0][-]{chapter.25}{\376\377\122\033\145\260\377\032\116\316\116\052\116\272\122\060\121\154\123\370}{part.8}% 229
\BOOKMARK [1][-]{section*.350}{\376\377\137\025\212\000}{chapter.25}% 230
\BOOKMARK [2][-]{section*.351}{\376\377\0004\0000\0000\136\164\122\115\166\204\221\315\131\047\145\160\133\146\123\321\146\016}{section*.350}% 231
\BOOKMARK [2][-]{section*.352}{\376\377\122\033\145\260\000\040\000C\000r\000e\000a\000t\000i\000v\000i\000t\000y}{section*.350}% 232
\BOOKMARK [2][-]{section*.353}{\376\377\122\033\220\040\166\204\174\276\171\136\000\040\000S\000p\000i\000r\000i\000t\000\040\000o\000f\000\040\000C\000r\000e\000a\000t\000i\000n\000g}{section*.350}% 233
\BOOKMARK [2][-]{section*.354}{\376\377\121\154\123\370\131\202\117\125\122\033\145\260}{section*.350}% 234
\BOOKMARK [2][-]{section*.355}{\376\377\227\363\116\120\144\255\145\076\126\150}{section*.350}% 235
\BOOKMARK [2][-]{section*.356}{\376\377\000i\000T\000u\000n\000e\000s\000\040\177\121\116\012\125\106\136\227}{section*.350}% 236
\BOOKMARK [2][-]{section*.357}{\376\377\121\154\123\370\131\202\117\125\122\033\145\260}{section*.350}% 237
\BOOKMARK [2][-]{section*.358}{\376\377\116\007\116\213\215\167\131\064\226\276}{section*.350}% 238
\BOOKMARK [2][-]{section*.359}{\376\377\116\316\137\353\170\064\116\247\123\330\116\072\142\225\215\104\126\336\142\245\147\000\131\175\166\204\142\225\215\104}{section*.350}% 239
\BOOKMARK [2][-]{section*.360}{\376\377\121\154\123\370\122\033\145\260\142\020\122\237\211\201\175\040}{section*.350}% 240
\BOOKMARK [2][-]{section*.367}{\376\377\176\323\147\137\213\355}{section*.350}% 241
\BOOKMARK [1][-]{section*.368}{\376\377\116\052\116\272\176\317\232\214\145\131\213\255}{chapter.25}% 242
\BOOKMARK [1][-]{section*.369}{\376\377\226\104\116\366}{chapter.25}% 243
\BOOKMARK [2][-]{section*.370}{\376\377\000P\000i\000x\000a\000r\000\040\122\066\117\134\173\054\116\000\220\350\165\065\201\021\122\250\157\053\377\032\163\251\121\167\140\073\122\250\124\130\000\050\000T\000o\000y\000\040\000S\000t\000o\000r\000y\000\051}{section*.369}% 244
\BOOKMARK [1][-]{section*.371}{\376\377\123\302\200\003\000\040\000R\000e\000f\000e\000r\000e\000n\000c\000e\000s}{chapter.25}% 245
\BOOKMARK [0][-]{chapter.26}{\376\377\150\071\116\016\177\374}{part.8}% 246
\BOOKMARK [1][-]{section*.372}{\376\377\150\071}{chapter.26}% 247
\BOOKMARK [2][-]{section*.374}{\376\377\177\374}{section*.372}% 248
\BOOKMARK [2][-]{section*.376}{\376\377\000T\000E\000D\157\024\213\262\137\017\140\073\176\323}{section*.372}% 249
\BOOKMARK [1][-]{section*.377}{\376\377\123\302\200\003\000\040\000R\000e\000f\000e\000r\000e\000n\000c\000e\000s}{chapter.26}% 250
\BOOKMARK [-1][-]{part.9}{\376\377\000I\000X\000\040\226\104\137\125}{}% 251
\BOOKMARK [0][-]{chapter.27}{\376\377\000A\000:\176\305\130\353\117\361\116\120\220\350\217\307\172\013\145\071\217\333}{part.9}% 252
\BOOKMARK [1][-]{section*.378}{\376\377\176\305\130\353\117\361\116\120\220\350\217\307\172\013\145\071\217\333}{chapter.27}% 253
\BOOKMARK [1][-]{section*.386}{\376\377\123\302\200\003\000\040\000R\000e\000f\000e\000r\000e\000n\000c\000e\000s}{chapter.27}% 254
\BOOKMARK [0][-]{chapter.28}{\376\377\000B\000:\122\006\147\220\217\355\116\343\133\242\142\067\156\341\141\017\136\246\214\003\147\345\145\160\143\156}{part.9}% 255
\BOOKMARK [1][-]{section*.387}{\376\377\150\110\117\213\200\314\146\157}{chapter.28}% 256
\BOOKMARK [2][-]{section*.388}{\376\377\217\355\116\343\145\160\143\156}{section*.387}% 257
\BOOKMARK [2][-]{section*.389}{\376\377\145\160\143\156\122\006\147\220}{section*.387}% 258
\BOOKMARK [2][-]{section*.390}{\376\377\145\071\217\333\143\252\145\275}{section*.387}% 259
\BOOKMARK [2][-]{section*.391}{\376\377\145\071\217\333\145\110\147\234}{section*.387}% 260
\BOOKMARK [0][-]{chapter.29}{\376\377\000C\000:\173\200\123\026\122\237\200\375\160\271\000\040\000\050\000S\000i\000F\000P\000\051\176\303\116\140\230\230}{part.9}% 261
\BOOKMARK [1][-]{section*.392}{\376\377\0003\000.\145\305\156\070\147\015\122\241\000-\137\000\123\321\230\171\166\356\000T\000o\000u\000r\000i\000s\000t\000\040\000S\000e\000r\000v\000i\000c\000e\000s\000\040\000-\000\040\000D\000e\000v\000e\000l\000o\000p\000m\000e\000n\000t\000\040\000P\000r\000o\000j\000e\000c\000t}{chapter.29}% 262
\BOOKMARK [2][-]{section*.405}{\376\377\0004\000.\145\305\156\070\147\015\122\241\000-\000\040\000F\000E\000M\230\171\166\3