\BOOKMARK [-1][-]{part.1}{\376\377\000I\000\040\150\110\117\213\122\006\147\220}{}% 1
\BOOKMARK [0][-]{chapter.1}{\376\377\131\202\117\125\145\071\125\204}{part.1}% 2
\BOOKMARK [1][-]{section*.3}{\376\377\147\320\217\157\116\366\137\000\123\321\121\154\123\370\145\117\143\167\137\000\123\321\217\307\172\013\145\071\217\333\150\110\117\213}{chapter.1}% 3
\BOOKMARK [2][-]{section*.9}{\376\377\131\202\117\125\145\071\125\204}{section*.3}% 4
\BOOKMARK [2][-]{section*.10}{\376\377\116\060\165\060\145\105\116\213}{section*.3}% 5
\BOOKMARK [2][-]{section*.11}{\376\377\154\064\227\142\116\013\166\204\173\241\164\006\140\035\215\357}{section*.3}% 6
\BOOKMARK [2][-]{section*.21}{\376\377\145\071\125\204\215\050\221\317}{section*.3}% 7
\BOOKMARK [2][-]{section*.22}{\376\377\176\323\147\137\213\355}{section*.3}% 8
\BOOKMARK [1][-]{section*.23}{\376\377\226\104\116\366}{chapter.1}% 9
\BOOKMARK [2][-]{section*.24}{\376\377\163\260\116\343\154\175\217\146\165\037\116\247}{section*.23}% 10
\BOOKMARK [2][-]{section*.25}{\376\377\000X\000P}{section*.23}% 11
\BOOKMARK [2][-]{section*.41}{\376\377\0005\000S\154\325}{section*.23}% 12
\BOOKMARK [1][-]{section*.42}{\376\377\123\302\200\003\000\040\000R\000e\000f\000e\000r\000e\000n\000c\000e\000s}{chapter.1}% 13
\BOOKMARK [-1][-]{part.2}{\376\377\000I\000I\000\040\126\342\226\037\116\016\201\352\142\021\145\071\125\204\127\372\147\054\122\237}{}% 14
\BOOKMARK [0][-]{chapter.2}{\376\377\145\071\217\333\116\316\126\342\226\037\137\000\131\313}{part.2}% 15
\BOOKMARK [1][-]{section*.43}{\376\377\177\216\126\375\215\071\127\316\000\040\000W\000e\000i\000s\000b\000o\000r\000d\000\040\145\105\116\213}{chapter.2}% 16
\BOOKMARK [2][-]{section*.46}{\376\377\000W\000e\000i\000s\000b\000o\000r\000d\000\040\145\105\116\213\166\204\124\057\123\321}{section*.43}% 17
\BOOKMARK [2][-]{section*.49}{\376\377\170\064\121\260\000\040\000-\000\040\123\330\227\151\000\040\000-\000\040\172\063\133\232}{section*.43}% 18
\BOOKMARK [2][-]{section*.50}{\376\377\142\020\122\237\211\201\175\040}{section*.43}% 19
\BOOKMARK [2][-]{section*.55}{\376\377\176\323\147\137\213\355}{section*.43}% 20
\BOOKMARK [1][-]{section*.56}{\376\377\123\302\200\003\000\040\000R\000e\000f\000e\000r\000e\000n\000c\000e\000s}{chapter.2}% 21
\BOOKMARK [0][-]{chapter.3}{\376\377\121\113\147\015\142\326\136\366\165\307}{part.2}% 22
\BOOKMARK [1][-]{section*.67}{\376\377\176\323\147\137\213\355}{chapter.3}% 23
\BOOKMARK [1][-]{section*.68}{\376\377\226\104\116\366}{chapter.3}% 24
\BOOKMARK [2][-]{section*.69}{\376\377\225\073\160\274\116\113\220\123\000\040\000T\000h\000e\000\040\000T\000r\000u\000t\000h\000\040\000a\000b\000o\000u\000t\000\040\000E\000X\000E\000R\000C\000I\000S\000E}{section*.68}% 25
\BOOKMARK [1][-]{section*.70}{\376\377\123\302\200\003\000\040\000R\000e\000f\000e\000r\000e\000n\000c\000e\000s}{chapter.3}% 26
\BOOKMARK [-1][-]{part.3}{\376\377\000I\000I\000I\000\040\201\352\142\021\173\241\164\006\137\000\123\321\217\307\172\013}{}% 27
\BOOKMARK [0][-]{chapter.4}{\376\377\116\011\160\271\117\060\173\227}{part.3}% 28
\BOOKMARK [0][-]{chapter.5}{\376\377\221\317\123\026\173\241\164\006\116\316\116\052\116\272\137\000\131\313}{part.3}% 29
\BOOKMARK [0][-]{chapter.6}{\376\377\117\060\173\227\217\157\116\366\211\304\152\041}{part.3}% 30
\BOOKMARK [0][-]{chapter.7}{\376\377\117\060\173\227\135\345\117\134\221\317}{part.3}% 31
\BOOKMARK [-1][-]{part.4}{\376\377\000I\000V\000\040\137\000\131\313\217\307\172\013\145\071\217\333\116\113\145\305}{}% 32
\BOOKMARK [0][-]{chapter.8}{\376\377\203\267\123\326\232\330\134\102\145\057\143\001}{part.4}% 33
\BOOKMARK [1][-]{section*.71}{\376\377\173\054\116\000\162\110\145\271\150\110\116\146}{chapter.8}% 34
\BOOKMARK [2][-]{section*.72}{\376\377\173\054\116\214\162\110\116\016\116\055\134\102\170\156\213\244\377\014\000\040\161\066\124\016\124\021\232\330\134\102\154\107\142\245}{section*.71}% 35
\BOOKMARK [0][-]{chapter.9}{\376\377\133\373\142\176\145\071\217\333\147\072\117\032}{part.4}% 36
\BOOKMARK [-1][-]{part.5}{\376\377\000V\000\040\131\202\117\125\120\132\131\175\217\355\116\343\126\336\230\176}{}% 37
\BOOKMARK [0][-]{chapter.10}{\376\377\150\071\126\340\122\006\147\220}{part.5}% 38
\BOOKMARK [1][-]{section*.75}{\376\377\122\006\147\220\116\213\145\105\150\071\126\340\377\032\116\012\226\306}{chapter.10}% 39
\BOOKMARK [2][-]{section*.76}{\376\377\231\231\156\057\123\127\116\053\155\167\226\276}{section*.75}% 40
\BOOKMARK [2][-]{section*.77}{\376\377\150\071\126\340\122\006\147\220\166\204\116\073\211\201\121\103\175\040}{section*.75}% 41
\BOOKMARK [2][-]{section*.80}{\376\377\142\200\147\057\140\073\166\321\176\317\232\214\116\113\214\010}{section*.75}% 42
\BOOKMARK [2][-]{section*.81}{\376\377\176\323\147\137\213\355}{section*.75}% 43
\BOOKMARK [1][-]{section*.82}{\376\377\226\104\116\366}{chapter.10}% 44
\BOOKMARK [2][-]{section*.83}{\376\377\116\214\121\153\123\237\122\031\116\016\145\160\143\156\122\006\174\173}{section*.82}% 45
\BOOKMARK [2][-]{section*.84}{\376\377\131\047\221\316\200\020\116\000\121\110\165\037\000`\000`\000\040\0005\000\040\000W\000h\000y\000\040\000'\000'\133\236\117\213}{section*.82}% 46
\BOOKMARK [0][-]{chapter.11}{\376\377\131\202\117\125\226\115\117\116\217\157\116\366\137\000\123\321\215\050\221\317\142\020\147\054}{part.5}% 47
\BOOKMARK [1][-]{section*.85}{\376\377\145\160\143\156\145\066\226\306}{chapter.11}% 48
\BOOKMARK [2][-]{section*.86}{\376\377\201\352\122\250\123\026\176\337\213\241\122\006\147\220}{section*.85}% 49
\BOOKMARK [2][-]{section*.87}{\376\377\145\160\143\156\145\066\226\306\230\221\163\207}{section*.85}% 50
\BOOKMARK [2][-]{section*.88}{\376\377\124\352\221\314\147\000\200\027\135\345\117\134\221\317}{section*.85}% 51
\BOOKMARK [2][-]{section*.89}{\376\377\122\006\147\220\177\072\226\167\143\222\226\144\163\207\226\115\117\116\215\050\221\317\142\020\147\054}{section*.85}% 52
\BOOKMARK [2][-]{section*.90}{\376\377\176\323\147\137\213\355}{section*.85}% 53
\BOOKMARK [1][-]{section*.91}{\376\377\226\104\116\366}{chapter.11}% 54
\BOOKMARK [2][-]{section*.92}{\376\377\215\050\221\317\142\020\147\054\000\040\000C\000O\000Q\000\040\000\050\000C\000o\000s\000t\000\040\000o\000f\000\040\000Q\000u\000a\000l\000i\000t\000y\000\051}{section*.91}% 55
\BOOKMARK [2][-]{section*.93}{\376\377\121\154\123\370\232\330\134\102\116\015\116\000\133\232\121\163\154\350\215\050\221\317}{section*.91}% 56
\BOOKMARK [2][-]{section*.94}{\376\377\137\000\123\321\230\171\166\356\135\345\117\134\221\317\377\010\142\020\147\054\377\011\122\006\136\003}{section*.91}% 57
\BOOKMARK [0][-]{chapter.12}{\376\377\131\202\117\125\120\132\131\175\121\306\131\007}{part.5}% 58
\BOOKMARK [1][-]{section*.95}{\376\377\122\006\147\220\116\213\145\105\150\071\126\340\377\032\116\013\226\306}{chapter.12}% 59
\BOOKMARK [2][-]{section*.96}{\376\377\126\336\230\176\155\101\172\013}{section*.95}% 60
\BOOKMARK [2][-]{section*.97}{\376\377\120\132\131\175\126\336\230\176\0004\123\237\122\031}{section*.95}% 61
\BOOKMARK [2][-]{section*.98}{\376\377\126\342\226\037\217\355\116\343\126\336\230\176\150\071\126\340\122\006\147\220\136\070\211\301\225\356\230\230}{section*.95}% 62
\BOOKMARK [2][-]{section*.99}{\376\377\127\371\213\255\377\032\173\126\122\022\116\016\121\306\131\007}{section*.95}% 63
\BOOKMARK [2][-]{section*.104}{\376\377\117\177\165\050\116\214\121\153\123\237\122\031\116\016\000K\000J\122\006\147\220\150\071\126\340\133\236\117\213}{section*.95}% 64
\BOOKMARK [2][-]{section*.108}{\376\377\176\317\232\214\145\131\213\255}{section*.95}% 65
\BOOKMARK [2][-]{section*.109}{\376\377\176\323\147\137\213\355}{section*.95}% 66
\BOOKMARK [1][-]{section*.110}{\376\377\226\104\116\366}{chapter.12}% 67
\BOOKMARK [2][-]{section*.111}{\376\377\156\070\142\017\000:\136\224\116\016\124\046}{section*.110}% 68
\BOOKMARK [2][-]{section*.117}{\376\377\131\202\117\125\122\006\147\220\177\072\226\167\145\160\143\156\137\227\121\372\230\204\155\113\152\041\127\213\123\302\145\160\377\014\121\372\122\006\136\003\126\376}{section*.110}% 69
\BOOKMARK [2][-]{section*.119}{\376\377\000A\000s\000c\000h\000\040\0001\0009\0005\0001\000\040\177\244\117\027\123\213\122\233\133\236\232\214}{section*.110}% 70
\BOOKMARK [2][-]{section*.120}{\376\377\000B\000r\000e\000h\000m\000\040\0001\0009\0005\0006\000\040\121\263\173\126\137\161\124\315\133\236\232\214}{section*.110}% 71
\BOOKMARK [2][-]{section*.121}{\376\377\174\256\230\337\122\006\221\115\133\236\232\214}{section*.110}% 72
\BOOKMARK [2][-]{section*.122}{\376\377\000K\000J\122\006\147\220\145\271\154\325\153\145\232\244}{section*.110}% 73
\BOOKMARK [2][-]{section*.123}{\376\377\154\064\146\166\164\003\204\231\162\171\123\141\155\033\230\204\155\113\152\041\127\213}{section*.110}% 74
\BOOKMARK [0][-]{chapter.13}{\376\377\133\236\145\275\116\016\176\364\142\244}{part.5}% 75
\BOOKMARK [1][-]{section*.124}{\376\377\121\306\131\007\217\355\116\343\126\336\230\176\000\040\000Q\000\046\000A}{chapter.13}% 76
\BOOKMARK [2][-]{section*.128}{\376\377\136\372\172\313\126\342\226\037\150\007\147\106\377\010\127\372\176\277\377\011}{section*.124}% 77
\BOOKMARK [2][-]{section*.129}{\376\377\116\316\217\355\116\343\131\015\166\330\122\060\143\001\176\355\145\071\217\333}{section*.124}% 78
\BOOKMARK [2][-]{section*.130}{\376\377\117\303\217\333\121\154\123\370\217\307\172\013\145\071\217\333}{section*.124}% 79
\BOOKMARK [2][-]{section*.131}{\376\377\176\323\147\137\213\355}{section*.124}% 80
\BOOKMARK [2][-]{section*.132}{\376\377\116\015\116\305\116\305\220\002\165\050\116\216\122\006\147\220\217\355\116\343\177\072\226\167\145\160\143\156}{section*.124}% 81
\BOOKMARK [1][-]{section*.134}{\376\377\226\104\116\366}{chapter.13}% 82
\BOOKMARK [2][-]{section*.135}{\376\377\000F\000M\000E\000A\000\040\133\236\117\213}{section*.134}% 83
\BOOKMARK [2][-]{section*.136}{\376\377\122\237\200\375\140\047\122\006\176\304\136\056\122\251\126\342\226\037\142\020\225\177\133\236\117\213}{section*.134}% 84
\BOOKMARK [2][-]{section*.137}{\376\377\000G\000Q\000M}{section*.134}% 85
\BOOKMARK [1][-]{section*.138}{\376\377\123\302\200\003\000\040\000R\000e\000f\000e\000r\000e\000n\000c\000e\000s}{chapter.13}% 86
\BOOKMARK [-1][-]{part.6}{\376\377\000V\000I\000\040\116\343\170\001\215\050\221\317\145\071\217\333\166\204\127\372\170\100}{}% 87
\BOOKMARK [0][-]{chapter.14}{\376\377\155\113\213\325\232\161\122\250\137\000\123\321}{part.6}% 88
\BOOKMARK [1][-]{section*.139}{\376\377\155\113\213\325\232\161\122\250\137\000\123\321}{chapter.14}% 89
\BOOKMARK [2][-]{section*.140}{\376\377\116\072\116\300\116\110\142\021\116\354\211\201\155\113\213\325\232\161\122\250\137\000\123\321}{section*.139}% 90
\BOOKMARK [2][-]{section*.141}{\376\377\153\317\134\017\153\145\232\214\213\301}{section*.139}% 91
\BOOKMARK [2][-]{section*.142}{\376\377\165\050\000T\000D\000D\137\000\123\321\172\013\136\217}{section*.139}% 92
\BOOKMARK [2][-]{section*.144}{\376\377\123\125\121\103\155\113\213\325\116\016\000T\000D\000D\166\204\131\175\131\004}{section*.139}% 93
\BOOKMARK [2][-]{section*.145}{\376\377\176\323\147\137\213\355}{section*.139}% 94
\BOOKMARK [1][-]{section*.146}{\376\377\226\104\116\366}{chapter.14}% 95
\BOOKMARK [2][-]{section*.147}{\376\377\116\316\000\040\000M\000I\000T\000\040\000O\000C\000W\000\040\133\146\121\231\172\013\136\217}{section*.146}% 96
\BOOKMARK [0][-]{chapter.15}{\376\377\116\343\170\001\221\315\147\204}{part.6}% 97
\BOOKMARK [1][-]{section*.152}{\376\377\131\202\117\125\133\146\131\175\000S\000O\000L\000I\000D\377\014\142\123\131\175\127\372\170\100\120\132\221\315\147\204}{chapter.15}% 98
\BOOKMARK [2][-]{section*.153}{\376\377\131\202\117\125\143\320\123\107\133\146\124\130\166\204\121\164\215\243\116\016\122\250\122\233}{section*.152}% 99
\BOOKMARK [2][-]{section*.154}{\376\377\116\300\116\110\145\366\120\031\120\132\221\315\147\204}{section*.152}% 100
\BOOKMARK [2][-]{section*.155}{\376\377\116\343\170\001\211\304\203\003}{section*.152}% 101
\BOOKMARK [2][-]{section*.156}{\376\377\143\001\176\355\226\306\142\020}{section*.152}% 102
\BOOKMARK [1][-]{section*.157}{\376\377\226\104\116\366}{chapter.15}% 103
\BOOKMARK [2][-]{section*.158}{\376\377\134\017\133\151\122\051\165\050\116\114\237\237\163\251\121\340\117\125\156\070\142\017\000\050\000T\000u\000r\000t\000l\000e\000\040\000G\000e\000o\000m\000e\000t\000r\000y\000\051\166\204\117\213\133\120}{section*.157}% 104
\BOOKMARK [2][-]{section*.159}{\376\377\156\051\117\057\150\074\166\204\145\131\133\146\133\236\232\214}{section*.157}% 105
\BOOKMARK [1][-]{section*.160}{\376\377\123\302\200\003\000\040\000R\000e\000f\000e\000r\000e\000n\000c\000e\000s}{chapter.15}% 106
\BOOKMARK [0][-]{chapter.16}{\376\377\143\001\176\355\226\306\142\020}{part.6}% 107
\BOOKMARK [1][-]{section*.161}{\376\377\232\214\145\066\155\113\213\325}{chapter.16}% 108
\BOOKMARK [2][-]{section*.164}{\376\377\155\113\213\325\201\352\122\250\123\026}{section*.161}% 109
\BOOKMARK [2][-]{section*.165}{\376\377\143\001\176\355\226\306\142\020}{section*.161}% 110
\BOOKMARK [2][-]{section*.166}{\376\377\126\342\226\037\123\117\117\134}{section*.161}% 111
\BOOKMARK [2][-]{section*.169}{\376\377\143\001\176\355\116\244\116\330}{section*.161}% 112
\BOOKMARK [1][-]{section*.170}{\376\377\226\104\116\366}{chapter.16}% 113
\BOOKMARK [2][-]{section*.171}{\376\377\143\001\176\355\226\306\142\020}{section*.170}% 114
\BOOKMARK [2][-]{section*.172}{\376\377\142\200\147\057\120\072\122\241\117\213\133\120}{section*.170}% 115
\BOOKMARK [1][-]{section*.173}{\376\377\123\302\200\003\000\040\000R\000e\000f\000e\000r\000e\000n\000c\000e\000s}{chapter.16}% 116
\BOOKMARK [0][-]{chapter.17}{\376\377\176\323\133\371\177\026\172\013\116\016\124\014\210\114\213\304\133\241}{part.6}% 117
\BOOKMARK [1][-]{section*.174}{\376\377\127\371\213\255}{chapter.17}% 118
\BOOKMARK [2][-]{section*.182}{\376\377\140\073\176\323}{section*.174}% 119
\BOOKMARK [1][-]{section*.183}{\376\377\226\104\116\366}{chapter.17}% 120
\BOOKMARK [2][-]{section*.184}{\376\377\116\343\170\001\123\357\213\373\140\047\117\213\133\120}{section*.183}% 121
\BOOKMARK [0][-]{chapter.18}{\376\377\217\157\116\366\227\000\154\102}{part.6}% 122
\BOOKMARK [1][-]{section*.185}{\376\377\226\104\116\366}{chapter.18}% 123
\BOOKMARK [2][-]{section*.186}{\376\377\202\361\126\375\161\144\167\377\165\037\116\247\225\356\230\230\166\204\170\024\172\166}{section*.185}% 124
\BOOKMARK [0][-]{chapter.19}{\376\377\133\242\142\067\123\302\116\016}{part.6}% 125
\BOOKMARK [1][-]{section*.187}{\376\377\136\070\211\301\225\356\230\230}{chapter.19}% 126
\BOOKMARK [2][-]{section*.190}{\376\377\213\306\122\053\122\051\166\312\166\370\121\163\200\005}{section*.187}% 127
\BOOKMARK [2][-]{section*.191}{\376\377\165\050\142\067\145\105\116\213\123\141}{section*.187}% 128
\BOOKMARK [2][-]{section*.192}{\376\377\165\050\117\213\116\016\127\072\146\157}{section*.187}% 129
\BOOKMARK [2][-]{section*.193}{\376\377\116\076\117\213}{section*.187}% 130
\BOOKMARK [1][-]{section*.195}{\376\377\226\104\116\366}{chapter.19}% 131
\BOOKMARK [2][-]{section*.196}{\376\377\122\051\166\312\166\370\121\163\200\005}{section*.195}% 132
\BOOKMARK [2][-]{section*.199}{\376\377\133\242\142\067\130\360\227\363\377\032\000K\000a\000n\000o\000\040\000D\000i\000a\000g\000r\000a\000m}{section*.195}% 133
\BOOKMARK [1][-]{section*.200}{\376\377\123\302\200\003\000\040\000R\000e\000f\000e\000r\000e\000n\000c\000e\000s}{chapter.19}% 134
\BOOKMARK [0][-]{chapter.20}{\376\377\126\342\226\037\123\117\117\134}{part.6}% 135
\BOOKMARK [1][-]{section*.201}{\376\377\124\004\201\352\215\037\215\043\201\352\135\361\137\000\123\321\166\204\152\041\127\127}{chapter.20}% 136
\BOOKMARK [2][-]{section*.202}{\376\377\126\342\226\037\124\010\117\134}{section*.201}% 137
\BOOKMARK [2][-]{section*.203}{\376\377\143\011\145\366\116\012\116\013\163\355}{section*.201}% 138
\BOOKMARK [2][-]{section*.204}{\376\377\116\300\116\110\133\374\201\364\174\373\176\337\135\051\156\203}{section*.201}% 139
\BOOKMARK [2][-]{section*.205}{\376\377\142\200\147\057\126\342\226\037\166\204\143\001\176\355\140\047}{section*.201}% 140
\BOOKMARK [2][-]{section*.206}{\376\377\232\161\122\250\126\342\226\037\145\071\217\333}{section*.201}% 141
\BOOKMARK [2][-]{section*.208}{\376\377\117\335\143\001\126\342\226\037\172\063\133\232}{section*.201}% 142
\BOOKMARK [1][-]{section*.209}{\376\377\226\104\116\366}{chapter.20}% 143
\BOOKMARK [2][-]{section*.210}{\376\377\136\163\210\141\137\303\140\00