\BOOKMARK [2][-]{section*.1}{\376\377\116\072\116\300\116\110\211\201\117\060\211\304\152\041}{}% 1
\BOOKMARK [2][-]{section*.2}{\376\377\116\072\116\300\116\110\116\015\136\224\165\050\116\343\170\001\210\114\145\160\000\050\000L\000O\000C\000\051}{}% 2
\BOOKMARK [2][-]{section*.5}{\376\377\140\016\150\067\117\060\000S\000i\000F\000P}{}% 3
\BOOKMARK [2][-]{section*.6}{\376\377\116\316\145\105\116\213\160\271\217\154\173\200\123\026\122\237\200\375\160\271}{}% 4
\BOOKMARK [1][-]{section*.8}{\376\377\226\104\116\366}{}% 5
\BOOKMARK [2][-]{section*.9}{\376\377\173\200\123\026\122\237\200\375\160\271\000\050\000S\000i\000F\000P\000\051\000\040\173\200\116\313}{section*.8}% 6
\BOOKMARK [2][-]{section*.16}{\376\377\220\073\217\221\145\207\116\366\000\040\000L\000o\000g\000i\000c\000a\000l\000\040\000F\000i\000l\000e}{section*.8}% 7
\BOOKMARK [2][-]{section*.18}{\376\377\127\372\147\054\217\307\172\013\000\040\000E\000l\000e\000m\000e\000n\000t\000a\000r\000y\000\040\000P\000r\000o\000c\000e\000s\000s}{section*.8}% 8
\BOOKMARK [2][-]{section*.21}{\376\377\133\236\117\213\377\032\213\306\122\053\127\372\147\054\217\307\172\013\000\040\000\050\000E\000P\000\040\000e\000l\000e\000m\000e\000n\000t\000a\000r\000y\000\040\000p\000r\000o\000c\000e\000s\000s\000\051}{section*.8}% 9
\BOOKMARK [2][-]{section*.25}{\376\377\0001\000.\157\134\154\064\133\146\150\041\000:\137\000\123\321\230\171\166\356\000\040\000E\000X\000A\000M\000P\000L\000E\000\040\000D\000i\000v\000i\000n\000g\000\040\000S\000c\000h\000o\000o\000l\000:\000\040\000D\000e\000v\000e\000l\000o\000p\000m\000e\000n\000t\000\040\000P\000r\000o\000j\000e\000c\000t}{section*.8}% 10
\BOOKMARK [2][-]{section*.33}{\376\377\117\213\133\120\116\000\377\032\000\040\173\124\150\110\116\016\211\343\213\373}{section*.8}% 11
\BOOKMARK [2][-]{section*.35}{\376\377\0002\000.\157\134\154\064\133\146\150\041\000:\000F\000E\000M\230\171\166\356}{section*.8}% 12
\BOOKMARK [2][-]{section*.44}{\376\377\117\213\133\120\116\214\377\032\000\040\173\124\150\110\116\016\211\343\213\373}{section*.8}% 13
\BOOKMARK [2][-]{section*.46}{\376\377\116\016\126\375\226\105\122\237\200\375\160\271\000\050\000I\000F\000P\000U\000G\000\051\166\204\120\117\135\356}{section*.8}% 14
\BOOKMARK [1][-]{section*.47}{\376\377\176\303\116\140\230\230}{}% 15
\BOOKMARK [2][-]{section*.48}{\376\377\0003\000.\145\305\156\070\147\015\122\241\000-\137\000\123\321\230\171\166\356\000T\000o\000u\000r\000i\000s\000t\000\040\000S\000e\000r\000v\000i\000c\000e\000s\000\040\000-\000\040\000D\000e\000v\000e\000l\000o\000p\000m\000e\000n\000t\000\040\000P\000r\000o\000j\000e\000c\000t}{section*.47}% 16
\BOOKMARK [2][-]{section*.61}{\376\377\0004\000.\145\305\156\070\147\015\122\241\000-\000\040\000F\000E\000M\230\171\166\356\000\040\000T\000o\000u\000r\000i\000s\000t\000\040\000S\000e\000r\000v\000i\000c\000e\000s\000\040\040\023\000\040\000F\000E\000M\000\040\000P\000r\000o\000j\000e\000c\000t}{section*.47}% 17
\BOOKMARK [2][-]{section*.68}{\376\377\0000\0005\0007\0008}{section*.47}% 18
\BOOKMARK [2][-]{section*.69}{\376\377\0000\0005\0007\0009}{section*.47}% 19
\BOOKMARK [2][-]{section*.70}{\376\377\0000\0005\0008\0000}{section*.47}% 20
\BOOKMARK [2][-]{section*.71}{\376\377\0000\0005\0008\0001}{section*.47}% 21
\BOOKMARK [2][-]{section*.72}{\376\377\0000\0005\0008\0002}{section*.47}% 22
\BOOKMARK [2][-]{section*.73}{\376\377\0000\0005\0008\0003}{section*.47}% 23
