This is XeTeX, Version 3.14159265-2.6-0.99999 (TeX Live 2019/dev/Debian) (preloaded format=xelatex 2022.1.10)  28 DEC 2022 06:02
entering extended mode
 restricted \write18 enabled.
 %&-line parsing enabled.
**IntroA++ to convert it to pdf format
(./IntroA++
LaTeX2e <2018-12-01>
! Missing $ inserted.
<inserted text> 
                $
l.1 _
     _TOC__
? 
! Emergency stop.
<inserted text> 
                $
l.1 _
     _TOC__
End of file on the terminal!

 
Here is how much of TeX's memory you used:
 4 strings out of 494900
 38 string characters out of 6177140
 55940 words of memory out of 5000000
 4023 multiletter control sequences out of 15000+600000
 3640 words of font info for 14 fonts, out of 8000000 for 9000
 14 hyphenation exceptions out of 8191
 4i,0n,1p,46b,8s stack positions out of 5000i,500n,10000p,200000b,80000s
No pages of output.
