\BOOKMARK [2][-]{section*.1}{\376\377\131\202\117\125\226\115\117\116\230\171\166\356\217\333\136\246\120\117\135\356}{}% 1
\BOOKMARK [2][-]{section*.2}{\376\377\116\316\221\317\123\026\127\371\213\255\137\000\131\313}{}% 2
\BOOKMARK [2][-]{section*.3}{\376\377\116\222\122\250\127\371\213\255}{}% 3
\BOOKMARK [2][-]{section*.4}{\376\377\116\316\117\060\173\227\060\001\173\126\122\022\122\060\166\321\143\247}{}% 4
\BOOKMARK [2][-]{section*.6}{\376\377\140\073\176\323}{}% 5
\BOOKMARK [2][-]{section*.7}{\376\377\136\224\213\345\131\202\117\125\145\071\125\204}{}% 6
\BOOKMARK [1][-]{section*.8}{\376\377\226\104\116\366}{}% 7
\BOOKMARK [2][-]{section*.9}{\376\377\143\043\120\074\122\006\147\220\154\325\377\010\000E\000a\000r\000n\000e\000d\000\040\000V\000a\000l\000u\000e\377\011}{section*.8}% 8
\BOOKMARK [2][-]{section*.10}{\376\377\000T\000i\000p\000s\377\032\131\202\117\125\173\200\123\125\213\260\137\125\135\345\145\366}{section*.8}% 9
\BOOKMARK [2][-]{section*.11}{\376\377\000P\000S\000P\000\040\000-\000\040\116\052\117\123\217\157\116\366\217\307\172\013\000\040\000P\000e\000r\000s\000o\000n\000a\000l\000\040\000S\000o\000f\000t\000w\000a\000r\000e\000\040\000P\000r\000o\000c\000e\000s\000s\000\040\173\200\116\313}{section*.8}% 10
\BOOKMARK [1][-]{section*.17}{\376\377\000R\000e\000f\000e\000r\000e\000n\000c\000e\000s}{}% 11
\BOOKMARK [2][-]{section*.18}{\376\377\131\202\117\125\210\141\221\317\137\000\123\321\215\050\221\317}{section*.17}% 12
\BOOKMARK [2][-]{section*.19}{\376\377\000H\000o\000w\000\040\000P\000S\000P\000\040\000a\000g\000i\000l\000e\000\040\000X\000P\000\040\000v\000e\000r\000s\000i\000o\000n}{section*.17}% 13
\BOOKMARK [2][-]{section*.20}{\376\377\000d\000e\000t\000a\000i\000l\000\040\000'\000P\000S\000P\000'\000\040\000l\000i\000k\000e\000\040\000t\000r\000a\000i\000n\000i\000n\000g\000\040\000p\000r\000o\000g\000r\000a\000m}{section*.17}% 14
\BOOKMARK [2][-]{section*.21}{\376\377\0000\0002\0008}{section*.17}% 15
\BOOKMARK [2][-]{section*.22}{\376\377\0000\0002\0009}{section*.17}% 16
\BOOKMARK [2][-]{section*.23}{\376\377\0000\0003\0000}{section*.17}% 17
\BOOKMARK [2][-]{section*.24}{\376\377\0000\0003\0001}{section*.17}% 18
\BOOKMARK [2][-]{section*.25}{\376\377\0000\0005\0005\0007}{section*.17}% 19
\BOOKMARK [2][-]{section*.26}{\376\377\0000\0005\0005\0008}{section*.17}% 20
\BOOKMARK [2][-]{section*.27}{\376\377\0000\0005\0005\0009}{section*.17}% 21
\BOOKMARK [2][-]{section*.28}{\376\377\0000\0005\0006\0000}{section*.17}% 22
\BOOKMARK [2][-]{section*.29}{\376\377\0000\0005\0006\0005}{section*.17}% 23
\BOOKMARK [2][-]{section*.30}{\376\377\126\376}{section*.17}% 24
\BOOKMARK [2][-]{section*.31}{\376\377\0005\0006\0006}{section*.17}% 25
\BOOKMARK [2][-]{section*.32}{\376\377\0005\0006\0007}{section*.17}% 26
\BOOKMARK [2][-]{section*.33}{\376\377\0005\0006\0008}{section*.17}% 27
\BOOKMARK [2][-]{section*.34}{\376\377\0005\0006\0009}{section*.17}% 28
\BOOKMARK [2][-]{section*.35}{\376\377\0005\0007\0000}{section*.17}% 29
\BOOKMARK [2][-]{section*.36}{\376\377\0005\0007\0001}{section*.17}% 30
\BOOKMARK [2][-]{section*.37}{\376\377\0005\0007\0002}{section*.17}% 31
\BOOKMARK [2][-]{section*.38}{\376\377\131\202\117\125\226\115\117\116\230\171\166\356\217\333\136\246\120\117\135\356}{section*.17}% 32
\BOOKMARK [2][-]{section*.39}{\376\377\0005\0007\0003}{section*.17}% 33
\BOOKMARK [2][-]{section*.40}{\376\377\0005\0007\0005}{section*.17}% 34
\BOOKMARK [2][-]{section*.41}{\376\377\0005\0007\0006}{section*.17}% 35
\BOOKMARK [2][-]{section*.42}{\376\377\0002\0000\0002\0002\000.\0001\0001\000.\0002\0005}{section*.17}% 36
\BOOKMARK [2][-]{section*.43}{\376\377\0005\0007\0007}{section*.17}% 37
