\BOOKMARK [-1][-]{part.1}{\376\377\000I\000\040\116\052\116\272\176\317\232\214\122\006\116\253}{}% 1
\BOOKMARK [0][-]{chapter.1}{\376\377\116\052\116\272\133\146\116\140\000P\000y\000t\000h\000o\000n\177\026\170\001}{part.1}% 2
\BOOKMARK [1][-]{section*.9}{\376\377\121\166\116\326\177\026\170\001\176\317\232\214\145\131\213\255}{chapter.1}% 3
\BOOKMARK [0][-]{chapter.2}{\376\377\121\113\147\015\142\326\136\366\165\307}{part.1}% 4
\BOOKMARK [1][-]{section*.19}{\376\377\147\155\135\336\232\330\176\247\176\317\164\006\123\315\231\210}{chapter.2}% 5
\BOOKMARK [0][-]{chapter.3}{\376\377\116\316\116\052\116\272\122\060\126\342\226\037}{part.1}% 6
\BOOKMARK [-1][-]{part.2}{\376\377\000I\000I\000\040\121\215\213\373\137\267\234\201\121\113\116\016\000\040\000X\000-\000Y\000\040\164\006\213\272}{}% 7
\BOOKMARK [0][-]{chapter.4}{\376\377\131\202\117\125\143\320\123\107\165\037\116\247\163\207}{part.2}% 8
\BOOKMARK [1][-]{section*.20}{\376\377\116\373\122\241\146\057\116\300\116\110\000\040\000\050\000D\000e\000f\000i\000n\000e\000\040\000t\000h\000e\000\040\000T\000a\000s\000k\000\051}{chapter.4}% 9
\BOOKMARK [2][-]{section*.21}{\376\377\116\023\137\303\135\345\117\134\000\050\000C\000o\000n\000c\000e\000n\000t\000r\000a\000t\000e\000\040\000o\000n\000\040\000t\000h\000e\000\040\000T\000a\000s\000k\000\051}{section*.20}% 10
\BOOKMARK [2][-]{section*.22}{\376\377\116\015\200\375\123\125\167\013\145\160\221\317\377\014\215\050\221\317\124\014\150\067\221\315\211\201\000\050\000D\000e\000f\000i\000n\000e\000\040\000P\000e\000r\000f\000o\000r\000m\000a\000n\000c\000e\000\051}{section*.20}% 11
\BOOKMARK [2][-]{section*.23}{\376\377\126\342\226\037\147\011\201\352\116\073\147\103\377\014\201\352\142\021\173\241\164\006\000\050\000P\000a\000r\000t\000n\000e\000r\000s\000h\000i\000p\000\040\000w\000i\000t\000h\000\040\000t\000h\000e\000\040\000P\000e\000o\000p\000l\000e\000\051}{section*.20}% 12
\BOOKMARK [2][-]{section*.24}{\376\377\133\146\116\140\163\257\130\203\000\050\000L\000e\000a\000r\000n\000i\000n\000g\000\040\000E\000n\000v\000i\000r\000o\000n\000m\000e\000n\000t\000\051}{section*.20}% 13
\BOOKMARK [2][-]{section*.25}{\376\377\133\371\217\157\116\366\137\000\123\321\166\204\124\057\123\321}{section*.20}% 14
\BOOKMARK [0][-]{chapter.5}{\376\377\121\215\213\373\137\267\234\201\121\113}{part.2}% 15
\BOOKMARK [1][-]{section*.31}{\376\377\126\336\230\176\123\206\123\362}{chapter.5}% 16
\BOOKMARK [2][-]{section*.34}{\376\377\000`\000`\117\341\140\157\142\200\147\057\000'\000'\000\040\000-\000-\000-\000\040\116\316\000`\000`\142\200\147\057\000'\000'\217\154\124\021\000`\000`\117\341\140\157\000'\000'\000\040\000F\000r\000o\000m\000\040\000T\000\040\000t\000o\000\040\000I\000\040\000i\000n\000\040\000I\000T}{section*.31}% 17
\BOOKMARK [2][-]{section*.36}{\376\377\165\050\147\145\116\206\211\343\116\032\122\241\163\260\162\266\166\204\0004\174\173\117\341\140\157}{section*.31}% 18
\BOOKMARK [2][-]{section*.40}{\376\377\131\202\117\125\145\164\164\006\121\154\123\370\117\341\140\157\040\024\040\024\131\202\136\246\221\317\145\160\143\156\060\001\176\317\232\214\145\131\213\255\000\040\060\001\000\040\167\345\213\306\122\006\116\253}{section*.31}% 19
\BOOKMARK [2][-]{section*.41}{\376\377\136\246\221\317\213\241\122\022}{section*.31}% 20
\BOOKMARK [2][-]{section*.42}{\376\377\116\316\145\160\143\156\122\060\210\114\122\250}{section*.31}% 21
\BOOKMARK [2][-]{section*.44}{\376\377\133\371\217\157\116\366\137\000\123\321\166\204\124\057\123\321}{section*.31}% 22
\BOOKMARK [1][-]{section*.50}{\376\377\140\073\176\323}{chapter.5}% 23
\BOOKMARK [1][-]{section*.51}{\376\377\226\104\116\366}{chapter.5}% 24
\BOOKMARK [0][-]{chapter.6}{\376\377\121\215\213\373\137\267\234\201\121\113\000\040\116\316\173\241\164\006\131\026\123\005\116\272\124\130\122\060\121\150\227\142\215\050\221\317\173\241\164\006}{part.2}% 25
\BOOKMARK [1][-]{section*.53}{\376\377\116\064\145\366\135\345\377\010\000T\000e\000m\000p\377\011\000\040\116\016\000\040\116\023\116\032\226\307\116\073\176\304\176\307}{chapter.6}% 26
\BOOKMARK [2][-]{section*.54}{\376\377\131\026\123\005\225\356\230\230}{section*.53}% 27
\BOOKMARK [2][-]{section*.55}{\376\377\167\345\213\306\135\345\117\134\200\005\000\040\116\016\000\040\174\373\176\337}{section*.53}% 28
\BOOKMARK [2][-]{section*.57}{\376\377\173\241\164\006\131\026\123\005\116\272\124\130\166\204\143\021\142\030}{section*.53}% 29
\BOOKMARK [1][-]{section*.67}{\376\377\140\073\176\323}{chapter.6}% 30
\BOOKMARK [1][-]{section*.68}{\376\377\123\315\231\210}{chapter.6}% 31
\BOOKMARK [0][-]{chapter.7}{\376\377\145\117\143\167\137\000\123\321}{part.2}% 32
\BOOKMARK [1][-]{section*.69}{\376\377\177\216\126\375\215\071\127\316\000\040\000W\000e\000i\000s\000b\000o\000r\000d\145\105\116\213}{chapter.7}% 33
\BOOKMARK [2][-]{section*.72}{\376\377\000G\000o\000o\000g\000l\000e\000\040\116\016\000\040\000W\000e\000i\000s\000b\000o\000r\000d\000\040\145\105\116\213\166\204\124\057\123\321}{section*.69}% 34
\BOOKMARK [2][-]{section*.73}{\376\377\133\371\145\117\143\167\137\000\123\321\126\342\226\037\166\204\124\057\123\321}{section*.69}% 35
\BOOKMARK [2][-]{section*.74}{\376\377\145\117\143\167\166\204\123\237\122\031\124\214\140\035\140\363\000\040\000A\000g\000i\000l\000e\000\040\000P\000r\000i\000n\000c\000i\000p\000l\000e\000s\000\040\000a\000n\000d\000\040\000M\000i\000n\000d\000s\000e\000t}{section*.69}% 36
\BOOKMARK [-1][-]{part.3}{\376\377\000I\000I\000I\000\040\136\246\221\317\116\016\122\006\147\220}{}% 37
\BOOKMARK [0][-]{chapter.8}{\376\377\122\051\165\050\145\160\143\156\143\320\123\107}{part.3}% 38
\BOOKMARK [1][-]{section*.75}{\376\377\226\104\116\366\377\032\231\226\117\115\220\032\217\307\145\340\122\250\122\233\156\321\177\324\117\036\230\336\215\212\136\172\131\271\134\360\000\050\155\167\142\324\0006\0002\0005\0000\174\163\000\051\166\204\116\272}{chapter.8}% 39
\BOOKMARK [0][-]{chapter.9}{\376\377\221\317\123\026\145\117\143\167\137\000\123\321\150\110\117\213}{part.3}% 40
\BOOKMARK [1][-]{section*.76}{\376\377\121\154\123\370\200\314\146\157}{chapter.9}% 41
\BOOKMARK [2][-]{section*.77}{\376\377\116\345\226\115\117\116\215\050\221\317\142\020\147\054\116\072\166\356\150\007}{section*.76}% 42
\BOOKMARK [2][-]{section*.78}{\376\377\116\316\230\171\166\356\121\262\122\072\166\204\126\336\230\176\131\015\166\330\137\000\131\313}{section*.76}% 43
\BOOKMARK [1][-]{section*.81}{\376\377\136\372\172\313\121\154\123\370\136\246\221\317\150\007\147\106\000\050\127\372\176\277\377\011\116\016\152\041\127\213}{chapter.9}% 44
\BOOKMARK [2][-]{section*.82}{\376\377\122\006\147\220\230\171\166\356\145\160\143\156\377\014\136\372\127\372\176\277}{section*.81}% 45
\BOOKMARK [2][-]{section*.83}{\376\377\127\372\176\277\145\160\143\156\122\006\147\220}{section*.81}% 46
\BOOKMARK [1][-]{section*.84}{\376\377\122\051\165\050\127\372\176\277\116\016\152\041\127\213\122\066\133\232\215\050\221\317\213\241\122\022}{chapter.9}% 47
\BOOKMARK [1][-]{section*.85}{\376\377\146\364\145\260\221\317\123\026\140\047\200\375\166\356\150\007}{chapter.9}% 48
\BOOKMARK [1][-]{section*.86}{\376\377\145\071\217\333\145\110\147\234}{chapter.9}% 49
\BOOKMARK [2][-]{section*.87}{\376\377\140\073\176\323}{section*.86}% 50
\BOOKMARK [0][-]{chapter.10}{\376\377\221\317\123\026\215\050\221\317\173\241\164\006}{part.3}% 51
\BOOKMARK [1][-]{section*.88}{\376\377\131\202\117\125\127\050\217\355\116\343\126\336\230\176\116\316\177\072\226\167\145\160\143\156\122\006\147\220\137\227\121\372\230\204\155\113\152\041\127\213\123\302\145\160\377\037}{chapter.10}% 52
\BOOKMARK [2][-]{section*.89}{\376\377\126\342\226\037\135\362\176\317\143\011\145\117\143\167\217\355\116\343\137\000\123\321\377\014\140\363\221\317\123\026\173\241\164\006\377\014\116\015\167\345\136\224\131\202\117\125\137\000\131\313}{section*.88}% 53
\BOOKMARK [2][-]{section*.90}{\376\377\154\064\146\166\164\003\135\345\121\167\136\046\147\145\116\300\116\110\116\367\120\074\377\014\123\357\116\015\123\357\116\345\116\015\165\050\133\203\377\037}{section*.88}% 54
\BOOKMARK [2][-]{section*.91}{\376\377\131\202\117\125\122\051\165\050\230\204\155\113\152\041\127\213\136\056\142\021\116\354\230\204\213\241\153\317\116\052\217\307\172\013\166\204\177\072\226\167\203\003\126\364\000?}{section*.88}% 55
\BOOKMARK [2][-]{section*.92}{\376\377\116\000\166\364\147\011\120\132\217\355\116\343\126\336\230\176\377\014\117\106\177\072\116\117\221\317\123\026\122\006\147\220\377\014\136\224\131\202\117\125\137\000\131\313\377\037}{section*.88}% 56
\BOOKMARK [2][-]{section*.93}{\376\377\131\202\147\234\142\021\116\354\146\057\116\000\116\052\121\150\145\260\230\171\166\356\377\014\154\241\147\011\120\317\000A\000B\000C\220\243\171\315\147\011\123\206\123\362\145\160\143\156\123\302\200\003\000,\146\057\124\046\134\061\165\050\116\015\116\206\230\204\155\113\152\041\127\213\124\142\377\037}{section*.88}% 57
\BOOKMARK [2][-]{section*.94}{\376\377\131\202\117\125\147\011\145\110\145\066\226\306\177\072\226\167\166\370\121\163\145\160\143\156\377\014\122\006\147\220\131\202\117\125\145\071\125\204\215\050\221\317}{section*.88}% 58
\BOOKMARK [2][-]{section*.95}{\376\377\131\202\117\125\145\066\226\306\123\125\121\103\155\113\213\325\177\072\226\167\000\040\000-\000\040\137\210\134\021\116\272\117\032\201\352\135\361\155\113\116\206\123\310\176\331\201\352\135\361\213\260\137\125\177\072\226\167\377\014\127\372\147\054\220\375\146\057\123\321\163\260\177\072\226\167\166\364\143\245\134\061\117\356\131\015\116\206\377\014\201\352\122\250\123\026\123\125\121\103\116\137\146\057\116\015\117\032\213\260\137\125\177\072\226\167\377\014\166\364\143\245\134\061\201\352\135\361\211\343\121\263\116\206\377\014\116\015\117\032\121\215\213\260\137\125\177\072\226\167\060\002\000\040\131\202\117\125\123\357\116\345\173\200\123\125\060\001\147\011\145\110\166\204\145\066\226\306\177\026\170\001\177\072\226\167\116\016\217\324\135\345\135\345\117\134\221\317\145\160\143\156\000?}{section*.88}% 59
\BOOKMARK [2][-]{section*.96}{\376\377\142\021\116\354\120\132\221\317\123\026\173\241\164\006\377\014\211\201\145\066\226\306\131\032\134\021\145\160\143\156\142\115\131\037\377\037}{section*.88}% 60
\BOOKMARK [2][-]{section*.97}{\376\377\217\331\116\052\177\072\226\167\230\204\155\113\152\041\127\213\377\014\146\057\124\046\116\305\220\002\165\050\116\216\160\021\136\003\137\017\137\000\123\321\152\041\127\213\000?\000\040\131\202\147\234\142\021\116\354\165\050\217\355\116\343\000/\145\117\143\167\146\057\124\046\116\015\220\002\165\050\377\037}{section*.88}% 61
\BOOKMARK [2][-]{section*.98}{\376\377\217\331\145\271\154\325\131\202\117\125\136\056\126\342\226\037\156\341\215\263\000C\000M\000M\000I\232\330\142\020\161\237\136\246\211\201\154\102\377\037}{section*.88}% 62
\BOOKMARK [2][-]{section*.99}{\376\377\131\202\117\125\165\050\147\145\136\372\172\313\127\372\176\277\116\016\230\204\155\113\152\041\127\213}{section*.88}% 63
\BOOKMARK [2][-]{section*.100}{\376\377\213\241\122\022\165\050\117\140\166\204\173\200\123\026\122\237\200\375\160\271\145\271\137\017\117\060\211\304\152\041\377\014\117\106\131\202\147\234\142\021\116\354\230\171\166\356\116\015\146\057\120\317\116\247\124\301\217\355\116\343\166\204\220\243\171\315\377\014\146\057\160\021\136\003\137\017\377\014\146\057\124\046\165\050\116\015\116\012\377\037}{section*.88}% 64
\BOOKMARK [2][-]{section*.101}{\376\377\137\000\131\313\165\050\217\331\116\052\145\271\137\017\147\011\116\300\116\110\136\070\211\301\225\356\230\230\142\021\116\354\211\201\154\350\141\017\377\037}{section*.88}% 65
\BOOKMARK [-1][-]{part.4}{\376\377\000I\000V\000\040\226\104\116\366}{}% 66
\BOOKMARK [0][-]{appendix.A}{\376\377\000A\000g\000i\000l\000e\000P\000r\000i\000m\000e\000r}{part.4}% 67
\BOOKMARK [1][-]{section*.102}{\376\377\145\117\143\167\146\057\116\300\116\110}{appendix.A}% 68
\BOOKMARK [2][-]{section*.103}{\376\377\142\200\135\347\000\040\000A\000g\000i\000l\000e\000\040\000T\000e\000c\000h\000n\000i\000q\000u\000e\000s}{section*.102}% 69
\BOOKMARK [2][-]{section*.104}{\376\377\145\117\143\167\137\000\123\321\153\145\232\244}{section*.102}% 70
\BOOKMARK [2][-]{section*.105}{\376\377\142\020\122\237\211\201\175\040}{section*.102}% 71
\BOOKMARK [2][-]{section*.106}{\376\377\145\117\143\167\133\243\212\000\000\040\000T\000h\000e\000\040\000A\000g\000i\000l\000e\000\040\000M\000a\000n\000i\000f\000e\000s\000t\000o\000*}{section*.102}% 72
\BOOKMARK [2][-]{section*.107}{\376\377\0001\0002\147\141\000\040\123\237\122\031}{section*.102}% 73
\BOOKMARK [0][-]{appendix.B}{\376\377\217\173\217\173\147\176\147\176\133\146\176\337\213\241\122\006\147\220}{part.4}% 74
\BOOKMARK [1][-]{section*.108}{\376\377\116\316\200\003\213\325\142\020\176\351\122\060\215\070\146\023\220\006\135\356}{appendix.B}% 75
\BOOKMARK [1][-]{section*.115}{\376\377\122\006\147\220\377\032\116\316\206\225\214\106\133\236\232\214\122\060\0006\136\164\225\000\125\056\145\160\143\156}{appendix.B}% 76
\BOOKMARK [1][-]{section*.124}{\376\377\140\073\176\323}{appendix.B}% 77
\BOOKMARK [2][-]{section*.125}{\376\377\136\246\221\317\166\204\166\356\166\204\146\057\154\237\220\032}{section*.124}% 78
\BOOKMARK [1][-]{section*.126}{\376\377\000A\000p\000p\000e\000n\000d\000i\000x\000\040\226\104\116\366}{appendix.B}% 79
\BOOKMARK [2][-]{section*.127}{\376\377\000A\000:\000\040\131\202\117\125\165\073\203\016\123\366\126\376\000\050\000S\000t\000e\000m\000\040\000a\000n\000d\000\040\000l\000e\000a\000f\000\040\000p\000l\000o\000t\000\051}{section*.126}% 80
\BOOKMARK [2][-]{section*.128}{\376\377\000A\000:\000\040\173\261\176\277\126\376\000\040\000\050\000B\000o\000x\000\040\000a\000n\000d\000\040\000W\000h\000i\000s\000k\000e\000r\000\040\000P\000l\000o\000t\000\051}{section*.126}% 81
\BOOKMARK [2][-]{section*.129}{\376\377\000A\000:\000\040\0002\000-\000s\000a\000m\000p\000l\000e\000\040\000T\000\040\000t\000e\000s\000t}{section*.126}% 82
\BOOKMARK [2][-]{section*.132}{\376\377\000A\000:\000\040\000A\000N\000O\000V\000A}{section*.126}% 83
\BOOKMARK [2][-]{section*.136}{\376\377\000A\000:\000\040\123\141\145\271\150\300\232\214\116\016\122\027\200\124\210\150\000\040\000C\000o\000n\000t\000i\000n\000g\000e\000n\000c\000y\000\040\000t\000a\000b\000l\000e}{section*.126}% 84
\BOOKMARK [2][-]{section*.138}{\376\377\000A\000:\000\040\000L\000i\000n\000e\000a\000r\000\040\000R\000e\000g\000r\000e\000s\000s\000i\000o\000n}{section*.126}% 85
\BOOKMARK [0][-]{appendix.C}{\376\377\136\246\221\317\116\016\122\006\147\220}{part.4}% 86
\BOOKMARK [1][-]{section*.143}{\376\377\000A\000:\000\040\000K\000J\153\145\232\244}{appendix.C}% 87
\BOOKMARK [2][-]{section*.144}{\376\377\000A\000:\000\040\131\202\117\125\165\073\000I\000m\000R\143\247\122\066\126\376}{section*.143}% 88
\BOOKMARK [2][-]{section*.145}{\376\377\000A\000:\154\064\146\166\164\003\204\231\127\060\123\141\177\127\230\204\155\113\152\041\127\213}{section*.143}% 89
\BOOKMARK [0][-]{appendix.D}{\376\377\131\202\117\125\133\371\136\224\145\117\143\167\116\016\000C\000M\000M\000I}{part.4}% 90
\BOOKMARK [1][-]{section*.146}{\376\377\131\202\117\125\133\371\136\224\145\117\143\167\123\237\122\031}{appendix.D}% 91
\BOOKMARK [1][-]{section*.147}{\376\377\131\202\117\125\133\371\136\224\000\040\000C\000M\000M\000I\000\040\000M\000L\0004\000\040\211\201\154\102}{appendix.D}% 92
\BOOKMARK [2][-]{section*.148}{\376\377\000M\000P\000M\000\040\0004\000.\0004\000\040\117\177\165\050\176\337\213\241\116\016\121\166\116\326\221\317\123\026\142\200\147\057\147\145\136\372\172\313\124\214\122\006\147\220\217\307\172\013\140\047\200\375\152\041\127\213\136\166\117\335\143\001\146\364\145\260\060\002\000U\000s\000e\000\040\000s\000t\000a\000t\000i\000s\000t\000i\000c\000a\000l\000\040\000a\000n\000d\000\040\000o\000t\000h\000e\000r\000\040\000q\000u\000a\000n\000t\000i\000t\000a\000t\000i\000v\000e\000\040\000t\000e\000c\000h\000n\000i\000q\000u\000e\000s\000\040\000t\000o\000\040\000d\000e\000v\000e\000l\000o\000p\000\040\000a\000n\000d\000\040\000a\000n\000a\000l\000y\000z\000e\000\040\000p\000r\000o\000c\000e\000s\000s\000\040\000p\000e\000r\000f\000o\000r\000m\000a\000n\000c\000e\000\040\000m\000o\000d\000e\000l\000s\000\040\000a\000n\000d\000\040\000k\000e\000e\000p\000\040\000t\000h\000e\000m\000\040\000u\000p\000d\000a\000t\000e\000d\000.}{section*.147}% 93
\BOOKMARK [2][-]{section*.149}{\376\377\000M\000P\000M\000\040\0004\000.\0005\000\040\117\177\165\050\176\337\213\241\116\016\121\166\116\326\221\317\123\026\142\200\147\057\147\145\170\156\133\232\142\026\230\204\155\113\215\050\221\317\116\016\217\307\172\013\140\047\200\375\166\356\150\007\166\204\133\236\163\260\140\305\121\265\000U\000s\000e\000\040\000s\000t\000a\000t\000i\000s\000t\000i\000c\000a\000l\000\040\000a\000n\000d\000\040\000o\000t\000h\000e\000r\000\040\000q\000u\000a\000n\000t\000i\000t\000a\000t\000i\000v\000e\000\040\000t\000e\000c\000h\000n\000i\000q\000u\000e\000s\000\040\000t\000o\000\040\000d\000e\000t\000e\000r\000m\000i\000n\000e\000\040\000o\000r\000\040\000p\000r\000e\000d\000i\000c\000t\000\040\000a\000c\000h\000i\000e\000v\000e\000m\000e\000n\000t\000\040\000o\000f\000\040\000q\000u\000a\000l\000i\000t\000y\000\040\000a\000n\000d\000\040\000p\000r\000o\000c\000e\000s\000s\000\040\000p\000e\000r\000f\000o\000r\000m\000a\000n\000c\000e\000\040\000o\000b\000j\000e\000c\000t\000i\000v\000e\000s\000.}{section*.147}% 94
\BOOKMARK [2][-]{section*.150}{\376\377\000M\000P\000M\000\040\0004\000.\0001\000\040\117\177\165\050\176\337\213\241\116\016\121\166\116\326\221\317\123\026\142\200\147\057\147\145\122\066\133\232\060\001\143\001\176\355\146\364\145\260\136\166\117\040\217\276\123\357\217\375\156\257\122\060\116\032\122\241\166\356\150\007\166\204\215\050\221\317\116\016\217\307\172\013\140\047\200\375\166\356\150\007\000U\000s\000e\000\040\000s\000t\000a\000t\000i\000s\000t\000i\000c\000a\000l\000\040\000a\000n\000d\000\040\000o\000t\000h\000e\000r\000\040\000q\000u\000a\000n\000t\000i\000t\000a\000t\000i\000v\000e\000\040\000t\000e\000c\000h\000n\000i\000q\000u\000e\000s\000\040\000t\000o\000\040\000d\000e\000v\000e\000l\000o\000p\000,\000\040\000k\000e\000e\000p\000\040\000u\000p\000d\000a\000t\000e\000d\000,\000\040\000a\000n\000d\000\040\000c\000o\000m\000m\000u\000n\000i\000c\000a\000t\000e\000\040\000q\000u\000a\000l\000i\000t\000y\000\040\000a\000n\000d\000\040\000p\000r\000o\000c\000e\000s\000s\000\040\000p\000e\000r\000f\000o\000r\000m\000a\000n\000c\000e\000\040\000o\000b\000j\000e\000c\000t\000i\000v\000e\000s\000\040\000t\000h\000a\000t\000\040\000a\000r\000e\000\040\000t\000r\000a\000c\000e\000a\000b\000l\000e\000\040\000t\000o\000\040\000b\000u\000s\000i\000n\000e\000s\000s\000\040\000o\000b\000j\000e\000c\000t\000i\000v\000e\000s\000.}{section*.147}% 95
\BOOKMARK [2][-]{section*.151}{\376\377\000P\000L\000A\000N\000\040\0004\000.\0001\000\040\117\177\165\050\176\337\213\241\116\016\121\166\116\326\221\317\123\026\142\200\147\057\147\145\137\000\123\321\230\171\166\356\217\307\172\013\136\166\117\335\143\001\146\364\145\260\377\014\116\345\133\236\163\260\215\050\221\317\116\016\217\307\172\013\140\047\200\375\166\356\150\007\060\002\000U\000s\000e\000\040\000s\000t\000a\000t\000i\000s\000t\000i\000c\000a\000l\000\040\000a\000n\000d\000\040\000o\000t\000h\000e\000r\000\040\000q\000u\000a\000n\000t\000i\000t\000a\000t\000i\000v\000e\000\040\000t\000e\000c\000h\000n\000i\000q\000u\000e\000s\000\040\000t\000o\000\040\000d\000e\000v\000e\000l\000o\000p\000\040\000a\000n\000d\000\040\000k\000e\000e\000p\000\040\000t\000h\000e\000\040\000p\000r\000o\000j\000e\000c\000t\000\040\000p\000r\000o\000c\000e\000s\000s\000e\000s\000\040\000u\000p\000d\000a\000t\000e\000d\000\040\000t\000o\000\040\000e\000n\000a\000b\000l\000e\000\040\000a\000c\000h\000i\000e\000v\000e\000m\000e\000n\000t\000\040\000o\000f\000\040\000t\000h\000e\000\040\000q\000u\000a\000l\000i\000t\000y\000\040\000a\000n\000d\000\040\000p\000r\000o\000c\000e\000s\000s\000\040\000p\000e\000r\000f\000o\000r\000m\000a\000n\000c\000e\000\040\000o\000b\000j\000e\000c\000t\000i\000v\000e\000s\000.}{section*.147}% 96
